INFO main com.example.awesomeprject.UserControllerTest - Should add a new user
INFO main com.example.awesomeprject.UserControllerTest - [com.example.awesomeprject.User@34588991]
INFO main com.example.awesomeprject.UserControllerTest - Should return all users
INFO main com.example.awesomeprject.UserControllerTest - [{"firstName":"yi","lastName":"ai"}]
INFO main com.example.awesomeprject.UserControllerTest - Should add a new user
INFO main com.example.awesomeprject.UserControllerTest - tom
INFO main com.example.awesomeprject.UserControllerTest - Should return all users
INFO main com.example.awesomeprject.UserControllerTest - [{"firstName":"yi","lastName":"ai"}]
INFO main com.example.awesomeprject.UserControllerTest - Should add a new user
INFO main com.example.awesomeprject.UserControllerTest - [com.example.awesomeprject.User@34588991]
INFO main com.example.awesomeprject.UserControllerTest - Should return all users
INFO main com.example.awesomeprject.UserControllerTest - [{"firstName":"yi","lastName":"ai"}]
INFO main com.example.awesomeprject.UserControllerTest - Should add a new user
INFO main com.example.awesomeprject.UserControllerTest - com.example.awesomeprject.User@5e25085
INFO main com.example.awesomeprject.UserControllerTest - Should return all users
INFO main com.example.awesomeprject.UserControllerTest - [{"firstName":"yi","lastName":"ai"}]
INFO main com.example.awesomeprject.UserControllerTest - Should add a new user
INFO main com.example.awesomeprject.UserControllerTest - Should return all users
INFO main com.example.awesomeprject.UserControllerTest - org.springframework.mock.web.MockHttpServletResponse@2262bc86
INFO main com.example.awesomeprject.UserControllerTest - Should add a new user
INFO main com.example.awesomeprject.UserControllerTest - Should return all users
INFO main com.example.awesomeprject.UserControllerTest - [{"firstName":"yi","lastName":"ai"}]
INFO main com.example.awesomeprject.GraphController - eyJ0eXAiOiJKV1QiLCJub25jZSI6ImZjQ0pJVXZCMTZjNXNVQ0xhSUdYemh5QjAyem9tdWtWUE1aZWpPSmFRV00iLCJhbGciOiJSUzI1NiIsIng1dCI6Im5PbzNaRHJPRFhFSzFqS1doWHNsSFJfS1hFZyIsImtpZCI6Im5PbzNaRHJPRFhFSzFqS1doWHNsSFJfS1hFZyJ9.eyJhdWQiOiJodHRwczovL2dyYXBoLm1pY3Jvc29mdC5jb20iLCJpc3MiOiJodHRwczovL3N0cy53aW5kb3dzLm5ldC8zZWJhZjU2Zi03MzIwLTQxZWEtOTk0NS05MDc0MmI1ZWIyNDgvIiwiaWF0IjoxNjE1Nzg1ODM0LCJuYmYiOjE2MTU3ODU4MzQsImV4cCI6MTYxNTc4OTczNCwiYWlvIjoiRTJaZ1lKaDZxWC9XNFFVV1l1WUs1dzJGMmU1S0FnQT0iLCJhcHBfZGlzcGxheW5hbWUiOiJNeSBNMzY1IGFwcCIsImFwcGlkIjoiMTY1OGUzNTUtNmIxYy00Zjg1LTg3YTYtMDNjZDU5OGE5YjhlIiwiYXBwaWRhY3IiOiIxIiwiaWRwIjoiaHR0cHM6Ly9zdHMud2luZG93cy5uZXQvM2ViYWY1NmYtNzMyMC00MWVhLTk5NDUtOTA3NDJiNWViMjQ4LyIsImlkdHlwIjoiYXBwIiwib2lkIjoiZmI3MjFiODUtYmY2MC00MWQ1LWE2YTMtYmY5YzQ1OWIyMzBlIiwicmgiOiIwLkFVSUFiX1c2UGlCejZrR1pSWkIwSzE2eVNGWGpXQlljYTRWUGg2WUR6Vm1LbTQ1Q0FBQS4iLCJzdWIiOiJmYjcyMWI4NS1iZjYwLTQxZDUtYTZhMy1iZjljNDU5YjIzMGUiLCJ0ZW5hbnRfcmVnaW9uX3Njb3BlIjoiT0MiLCJ0aWQiOiIzZWJhZjU2Zi03MzIwLTQxZWEtOTk0NS05MDc0MmI1ZWIyNDgiLCJ1dGkiOiJ3OWxfdXF5dVFrR3hBYmh2R0Jkb0FBIiwidmVyIjoiMS4wIiwieG1zX3RjZHQiOjE1OTYxMDkwMjB9.BRiXrK7wu_qy_tzs6SCU6Pa3AOM8k1kecHS-UFCr4f2Ahfw5Zx7fRK4t4QVH2VfRyqXMNgDY7FPs8Kj83VK6elQe4q8p98N4ZqJBLkHKa-5CUx6noVzoOOOZVAdL2zLyhLGNI2SbAYO_wEaDPwugDHAzAL_RSAY9P4_Y7_fvm7iNn7XLuj8RgGix38LU9NdLsUjJX1nvApgJiijTtausU6GeT9V5TRCfpmyHScaVN-Y-BATs6XaKchBBjLC3U6bmq6_axtRldy0VoS4B7rQKi7F__Tc8iJl1LR8EisiTax-rT97p87Qg5o4An2jz-c5L4TG7m1VMJs5fD3_HV7FtdA
INFO main com.example.awesomeprject.GraphController - eyJ0eXAiOiJKV1QiLCJub25jZSI6ImJDTkt2RWgyRGpHbUtPSE5kMG1ENjJJcWhCajY4d1c1SzlkS3hqS1BFX1EiLCJhbGciOiJSUzI1NiIsIng1dCI6Im5PbzNaRHJPRFhFSzFqS1doWHNsSFJfS1hFZyIsImtpZCI6Im5PbzNaRHJPRFhFSzFqS1doWHNsSFJfS1hFZyJ9.eyJhdWQiOiJodHRwczovL2dyYXBoLm1pY3Jvc29mdC5jb20iLCJpc3MiOiJodHRwczovL3N0cy53aW5kb3dzLm5ldC8zZWJhZjU2Zi03MzIwLTQxZWEtOTk0NS05MDc0MmI1ZWIyNDgvIiwiaWF0IjoxNjE1Nzg2MDc2LCJuYmYiOjE2MTU3ODYwNzYsImV4cCI6MTYxNTc4OTk3NiwiYWlvIjoiRTJaZ1lEaldJTzNPMFROWDZWSFlVV0dtM1RNK0FnQT0iLCJhcHBfZGlzcGxheW5hbWUiOiJNeSBNMzY1IGFwcCIsImFwcGlkIjoiMTY1OGUzNTUtNmIxYy00Zjg1LTg3YTYtMDNjZDU5OGE5YjhlIiwiYXBwaWRhY3IiOiIxIiwiaWRwIjoiaHR0cHM6Ly9zdHMud2luZG93cy5uZXQvM2ViYWY1NmYtNzMyMC00MWVhLTk5NDUtOTA3NDJiNWViMjQ4LyIsImlkdHlwIjoiYXBwIiwib2lkIjoiZmI3MjFiODUtYmY2MC00MWQ1LWE2YTMtYmY5YzQ1OWIyMzBlIiwicmgiOiIwLkFVSUFiX1c2UGlCejZrR1pSWkIwSzE2eVNGWGpXQlljYTRWUGg2WUR6Vm1LbTQ1Q0FBQS4iLCJzdWIiOiJmYjcyMWI4NS1iZjYwLTQxZDUtYTZhMy1iZjljNDU5YjIzMGUiLCJ0ZW5hbnRfcmVnaW9uX3Njb3BlIjoiT0MiLCJ0aWQiOiIzZWJhZjU2Zi03MzIwLTQxZWEtOTk0NS05MDc0MmI1ZWIyNDgiLCJ1dGkiOiJwd1FnY09GSkZrNk5KRmo2MTY1cUFBIiwidmVyIjoiMS4wIiwieG1zX3RjZHQiOjE1OTYxMDkwMjB9.RUOU7MH9ZmoDQSXbEKnvB1n6wUddgI3NTeoG6Uo4bOmPTAl1XQXEvdghrh9f8Tu6ZIRQMcF2ydqZyxbNo-NWLHWROiqcqNgeSD23n_dDt1TNwDCAzZXBoN3Jvue2XHWSo2GnbhY1pySjlJ1WFJYFXHJdCi1OtKJskY3ReuJhjSgvGMvPuY4EBc-EFRoAPIrBIK8Ok6vckSFyhYpf9pLmLlwV86_fKYho7r-OE_HTgs_U0o5f-k7IjNLK7oi0Xe2U5lVj7jxNWSpZ3L8lfLRgDU-PaFWBSJ4BfiSPY4z_EhsJqEwY2HSLxZKIF_-MnJ4XEYeU_eypX6ZOgBKMcMMpvg
INFO main com.example.awesomeprject.GraphController - eyJ0eXAiOiJKV1QiLCJub25jZSI6IlhIQThGWEFmOVlpYlZ6dzlMZDkxd2JwY2RiSElBX3k1ajQyWlNLNU4xNkkiLCJhbGciOiJSUzI1NiIsIng1dCI6Im5PbzNaRHJPRFhFSzFqS1doWHNsSFJfS1hFZyIsImtpZCI6Im5PbzNaRHJPRFhFSzFqS1doWHNsSFJfS1hFZyJ9.eyJhdWQiOiJodHRwczovL2dyYXBoLm1pY3Jvc29mdC5jb20iLCJpc3MiOiJodHRwczovL3N0cy53aW5kb3dzLm5ldC8zZWJhZjU2Zi03MzIwLTQxZWEtOTk0NS05MDc0MmI1ZWIyNDgvIiwiaWF0IjoxNjE1Nzg2MzQwLCJuYmYiOjE2MTU3ODYzNDAsImV4cCI6MTYxNTc5MDI0MCwiYWlvIjoiRTJaZ1lMRFVVMUdWNHovZHdtcnYzQjMrNllJY0FBPT0iLCJhcHBfZGlzcGxheW5hbWUiOiJNeSBNMzY1IGFwcCIsImFwcGlkIjoiMTY1OGUzNTUtNmIxYy00Zjg1LTg3YTYtMDNjZDU5OGE5YjhlIiwiYXBwaWRhY3IiOiIxIiwiaWRwIjoiaHR0cHM6Ly9zdHMud2luZG93cy5uZXQvM2ViYWY1NmYtNzMyMC00MWVhLTk5NDUtOTA3NDJiNWViMjQ4LyIsImlkdHlwIjoiYXBwIiwib2lkIjoiZmI3MjFiODUtYmY2MC00MWQ1LWE2YTMtYmY5YzQ1OWIyMzBlIiwicmgiOiIwLkFVSUFiX1c2UGlCejZrR1pSWkIwSzE2eVNGWGpXQlljYTRWUGg2WUR6Vm1LbTQ1Q0FBQS4iLCJzdWIiOiJmYjcyMWI4NS1iZjYwLTQxZDUtYTZhMy1iZjljNDU5YjIzMGUiLCJ0ZW5hbnRfcmVnaW9uX3Njb3BlIjoiT0MiLCJ0aWQiOiIzZWJhZjU2Zi03MzIwLTQxZWEtOTk0NS05MDc0MmI1ZWIyNDgiLCJ1dGkiOiJYMzZDaTRJS0IwTy1RcmNUNDZGcUFBIiwidmVyIjoiMS4wIiwieG1zX3RjZHQiOjE1OTYxMDkwMjB9.nVeih88AdoMgm4a5xE0o-BhxgdM_KY3BwWQig_yrtE5LgPAt8qldily6yLcpQ__Pruh-EaOUxOsxqdXt4hjcyEomYCG4dOT3a6PInFsXKG3XQj3MZaUTBvBxAFG6IwVIj3umuaqoolUcxuLUEfIeX4rp88CjHPq3eMz6ZWCpVervo8yVpm0TTC5Szt2juVLkaILqnUm1db1VwMWKPm_5L4iJolFe75aq0fpT5WrlxuEVumTFP4s3M6_cMYiK82Q7rMMJJV9Ym77GcnSW4OlZPXsOIVfQq0zsAB8-FX_ci9m6mFSMkdO7TyLS7TmQmhXofv6yfUBBxdJWow7pwoaeow
INFO main com.example.awesomeprject.GraphController - eyJ0eXAiOiJKV1QiLCJub25jZSI6Im9Idjd3bkcySUQ2NHBpQ3ZfUWJncWdZZ3UyT3RmYnlOajZ6Nzh0QVNUbjAiLCJhbGciOiJSUzI1NiIsIng1dCI6Im5PbzNaRHJPRFhFSzFqS1doWHNsSFJfS1hFZyIsImtpZCI6Im5PbzNaRHJPRFhFSzFqS1doWHNsSFJfS1hFZyJ9.eyJhdWQiOiJodHRwczovL2dyYXBoLm1pY3Jvc29mdC5jb20iLCJpc3MiOiJodHRwczovL3N0cy53aW5kb3dzLm5ldC8zZWJhZjU2Zi03MzIwLTQxZWEtOTk0NS05MDc0MmI1ZWIyNDgvIiwiaWF0IjoxNjE1Nzg2NDIyLCJuYmYiOjE2MTU3ODY0MjIsImV4cCI6MTYxNTc5MDMyMiwiYWlvIjoiRTJaZ1lGaW02N3RXcWVuU2l1NmlmOFl0RlZmdUFnQT0iLCJhcHBfZGlzcGxheW5hbWUiOiJNeSBNMzY1IGFwcCIsImFwcGlkIjoiMTY1OGUzNTUtNmIxYy00Zjg1LTg3YTYtMDNjZDU5OGE5YjhlIiwiYXBwaWRhY3IiOiIxIiwiaWRwIjoiaHR0cHM6Ly9zdHMud2luZG93cy5uZXQvM2ViYWY1NmYtNzMyMC00MWVhLTk5NDUtOTA3NDJiNWViMjQ4LyIsImlkdHlwIjoiYXBwIiwib2lkIjoiZmI3MjFiODUtYmY2MC00MWQ1LWE2YTMtYmY5YzQ1OWIyMzBlIiwicmgiOiIwLkFVSUFiX1c2UGlCejZrR1pSWkIwSzE2eVNGWGpXQlljYTRWUGg2WUR6Vm1LbTQ1Q0FBQS4iLCJzdWIiOiJmYjcyMWI4NS1iZjYwLTQxZDUtYTZhMy1iZjljNDU5YjIzMGUiLCJ0ZW5hbnRfcmVnaW9uX3Njb3BlIjoiT0MiLCJ0aWQiOiIzZWJhZjU2Zi03MzIwLTQxZWEtOTk0NS05MDc0MmI1ZWIyNDgiLCJ1dGkiOiJFLTJwUmQ3aEowNkxyN21uVW1CVUFBIiwidmVyIjoiMS4wIiwieG1zX3RjZHQiOjE1OTYxMDkwMjB9.bDk7C_nEsruOJJKr0Ct9_v_G--o9Vq2Mc6FEB1pVK5LAMSq8Cv39s724GGU95yMyRxxecaFDaIUtfmvgvjNHzQIExAZwPvydTrZKJ6k9ryfYGR7EFWJTwEw4Ms3syprFwJ368BubDftqQ457AaQFJ3pWxqNxhuuWWVe8t5VimY0YWIgk1Fj6eL7mzZ3jjgepsSliNFfu3gLiz8KKxLaLVpMGDc42zIrIHSWG48ea-EhYv9OCOP_lwT7fR7g2wZwOCwZmKRgIIFY4oIXy8DRb4TOuk-pQW14sz0izzl1H_ijLRTS_pYd7uhuidNw6jZq6pIKGB6sRbvgKsxTUN9BeRg
INFO http-nio-8090-exec-1 com.example.awesomeprject.GraphController - com.microsoft.graph.http.GraphServiceException: Error code: NoPermissionsInAccessToken
Error message: The token contains no permissions, or permissions can not be understood.

POST https://graph.microsoft.com/v1.0/me/calendar/microsoft.graph.getSchedule
SdkVersion : graph-java/v2.10.0
Authorization : [PII_REDACTED]
[...]

401 : Unauthorized
[...]

[Some information was truncated for brevity, enable debug logging for more details]
INFO main com.example.awesomeprject.GraphController - eyJ0eXAiOiJKV1QiLCJub25jZSI6IlAzT1NIN0M5YzFiVUl6TWRSd0pmS1ZZOS13X1pQcUtjMjBDUXJLY0dGN1kiLCJhbGciOiJSUzI1NiIsIng1dCI6Im5PbzNaRHJPRFhFSzFqS1doWHNsSFJfS1hFZyIsImtpZCI6Im5PbzNaRHJPRFhFSzFqS1doWHNsSFJfS1hFZyJ9.eyJhdWQiOiJodHRwczovL2dyYXBoLm1pY3Jvc29mdC5jb20iLCJpc3MiOiJodHRwczovL3N0cy53aW5kb3dzLm5ldC8zZWJhZjU2Zi03MzIwLTQxZWEtOTk0NS05MDc0MmI1ZWIyNDgvIiwiaWF0IjoxNjE1Nzg2NDY2LCJuYmYiOjE2MTU3ODY0NjYsImV4cCI6MTYxNTc5MDM2NiwiYWlvIjoiRTJaZ1lQalJ0L25ZV3p2aGk3K1VzMXg1Tm0zWEFRQT0iLCJhcHBfZGlzcGxheW5hbWUiOiJNeSBNMzY1IGFwcCIsImFwcGlkIjoiMTY1OGUzNTUtNmIxYy00Zjg1LTg3YTYtMDNjZDU5OGE5YjhlIiwiYXBwaWRhY3IiOiIxIiwiaWRwIjoiaHR0cHM6Ly9zdHMud2luZG93cy5uZXQvM2ViYWY1NmYtNzMyMC00MWVhLTk5NDUtOTA3NDJiNWViMjQ4LyIsImlkdHlwIjoiYXBwIiwib2lkIjoiZmI3MjFiODUtYmY2MC00MWQ1LWE2YTMtYmY5YzQ1OWIyMzBlIiwicmgiOiIwLkFVSUFiX1c2UGlCejZrR1pSWkIwSzE2eVNGWGpXQlljYTRWUGg2WUR6Vm1LbTQ1Q0FBQS4iLCJzdWIiOiJmYjcyMWI4NS1iZjYwLTQxZDUtYTZhMy1iZjljNDU5YjIzMGUiLCJ0ZW5hbnRfcmVnaW9uX3Njb3BlIjoiT0MiLCJ0aWQiOiIzZWJhZjU2Zi03MzIwLTQxZWEtOTk0NS05MDc0MmI1ZWIyNDgiLCJ1dGkiOiJ1d29ydTV6cGwwZWdvYm81Q1dkd0FBIiwidmVyIjoiMS4wIiwieG1zX3RjZHQiOjE1OTYxMDkwMjB9.T_ySpAs-i9QVyHi81eNFdYDM1yTV-ebeloxYl6LzR8G06re7Aypo7_xnrRecdoHoZ7Upzq71c0w-ciEXcaOOLOxg0Qk8jlGFcXA0Pe1BFfax5HLZcVkoiTMG_slkmR6dBAiCqHmXZsRUcvlKZy2ew21A4I7gqBlVuntjhoedy6yjZaT_bTStvju9VEr0bL560bdrxnIjaBNfHE5Uci8Xtqf4rWiWry2UYEx66GbYhVFwmGGKpBFRkKquDuYBlt5cd4W7qBDuU5xnYQq3rmFo-LF2O6qbB018jKby63ZWr4_W2pNboQQyf_aDlqtVtL4C5dRkxL1elYP0F40FNK0rcw
INFO http-nio-8090-exec-1 com.example.awesomeprject.GraphController - com.microsoft.graph.http.GraphServiceException: Error code: NoPermissionsInAccessToken
Error message: The token contains no permissions, or permissions can not be understood.

POST https://graph.microsoft.com/v1.0/me/calendar/microsoft.graph.getSchedule
SdkVersion : graph-java/v2.10.0
Authorization : [PII_REDACTED]
{"schedules":["dbadmin@aiyihackhotmail.onmicrosoft.com","aiyi_hack_hotmail.com#EXT#@aiyihackhotmail.onmicrosoft.com"],"availabilityViewInterval":30,"endTime":{"dateTime":"2021-03-16T19:00","timeZone":"Pacific Standard Time"},"startTime":{"dateTime":"2021-03-16T09:00","timeZone":"Pacific Standard Time"}}

401 : Unauthorized
Cache-Control : private
client-request-id : f116ddc0-ac75-461b-9eb8-75cb6994b443
Content-Type : text/html; charset=utf-8
Date : Mon, 15 Mar 2021 05:39:34 GMT
request-id : 9e463101-03de-4cb1-8b70-7bb18fd63345
Strict-Transport-Security : max-age=31536000
Transfer-Encoding : chunked
Vary : Accept-Encoding
x-ms-ags-diagnostic : {"ServerInfo":{"DataCenter":"Australia Southeast","Slice":"E","Ring":"4","ScaleUnit":"001","RoleInstance":"ML1PEPF0000358C"}}
{
  "error": {
    "code": "NoPermissionsInAccessToken",
    "message": "The token contains no permissions, or permissions can not be understood.",
    "innerError": {
      "oAuthEventOperationId": "51376c41-d551-4628-a0d9-0bf69512ba4f",
      "oAuthEventcV": "ZgqCdwfgmUyDJVR1VLfz/g.1.1.1",
      "errorUrl": "https://aka.ms/autherrors#error-InvalidGrant",
      "requestId": "f116ddc0-ac75-461b-9eb8-75cb6994b443",
      "date": "2021-03-15T05:39:34"
    }
  }
}

INFO main com.example.awesomeprject.GraphController - eyJ0eXAiOiJKV1QiLCJub25jZSI6ImhYLXBJV2NYeWdNR09ST1h6TUlCRFI2UW9XYkxjWmRiM3J0cjIyYVk3WEEiLCJhbGciOiJSUzI1NiIsIng1dCI6Im5PbzNaRHJPRFhFSzFqS1doWHNsSFJfS1hFZyIsImtpZCI6Im5PbzNaRHJPRFhFSzFqS1doWHNsSFJfS1hFZyJ9.eyJhdWQiOiJodHRwczovL2dyYXBoLm1pY3Jvc29mdC5jb20iLCJpc3MiOiJodHRwczovL3N0cy53aW5kb3dzLm5ldC8zZWJhZjU2Zi03MzIwLTQxZWEtOTk0NS05MDc0MmI1ZWIyNDgvIiwiaWF0IjoxNjE1Nzg2NTc3LCJuYmYiOjE2MTU3ODY1NzcsImV4cCI6MTYxNTc5MDQ3NywiYWlvIjoiRTJaZ1lGQmxYTXlSdTNLdjhjYTlkU2Rmelg3NkVnQT0iLCJhcHBfZGlzcGxheW5hbWUiOiJNeSBNMzY1IGFwcCIsImFwcGlkIjoiMTY1OGUzNTUtNmIxYy00Zjg1LTg3YTYtMDNjZDU5OGE5YjhlIiwiYXBwaWRhY3IiOiIxIiwiaWRwIjoiaHR0cHM6Ly9zdHMud2luZG93cy5uZXQvM2ViYWY1NmYtNzMyMC00MWVhLTk5NDUtOTA3NDJiNWViMjQ4LyIsImlkdHlwIjoiYXBwIiwib2lkIjoiZmI3MjFiODUtYmY2MC00MWQ1LWE2YTMtYmY5YzQ1OWIyMzBlIiwicmgiOiIwLkFVSUFiX1c2UGlCejZrR1pSWkIwSzE2eVNGWGpXQlljYTRWUGg2WUR6Vm1LbTQ1Q0FBQS4iLCJzdWIiOiJmYjcyMWI4NS1iZjYwLTQxZDUtYTZhMy1iZjljNDU5YjIzMGUiLCJ0ZW5hbnRfcmVnaW9uX3Njb3BlIjoiT0MiLCJ0aWQiOiIzZWJhZjU2Zi03MzIwLTQxZWEtOTk0NS05MDc0MmI1ZWIyNDgiLCJ1dGkiOiJ6N1gxNVNnWm4wLVJmRkRhN3hkZEFBIiwidmVyIjoiMS4wIiwieG1zX3RjZHQiOjE1OTYxMDkwMjB9.K3G1vJXdDZoy2M9yjKOSDwpadAqzkBPgh-FvJlML6Vx7dgpGkUYBK7roxCJ8R0M7zjmR1BiemKqbwz0Lsr2IuU6k8pGtyrNvU1rllIob4YhS-pkRwx0kob3HoWaxSqnKdvbk4EaaXtjz_wMdSvLgawWwoLSkG3PKuMj1vowqtKmo2cdQZfQG47wRcjwd1VPzNkoqJQyS_wliGX5opVVX-5X3WfyMYDa02I60bH-ifC3_ncXz8bGIcsq1vHLAJphvwrSKX6DuAHVefGngbiofGZ-bJoMkcs41vQ-e0W1aiRkE3RTa858Ra04cNm4snPJWSTRZU3Z0hp4d55qpsgWopg
INFO http-nio-8090-exec-1 com.example.awesomeprject.GraphController - com.microsoft.graph.http.GraphServiceException: Error code: NoPermissionsInAccessToken
Error message: The token contains no permissions, or permissions can not be understood.

POST https://graph.microsoft.com/v1.0/me/calendar/microsoft.graph.getSchedule
SdkVersion : graph-java/v2.10.0
Authorization : [PII_REDACTED]
{"schedules":["dbadmin@aiyihackhotmail.onmicrosoft.com","aiyi_hack_hotmail.com#EXT#@aiyihackhotmail.onmicrosoft.com"],"availabilityViewInterval":30,"endTime":{"dateTime":"2021-03-16T19:00","timeZone":"Pacific Standard Time"},"startTime":{"dateTime":"2021-03-16T09:00","timeZone":"Pacific Standard Time"}}

401 : Unauthorized
Cache-Control : private
client-request-id : 483f673b-7635-4b5d-a707-ee571ce27470
Content-Type : text/html; charset=utf-8
Date : Mon, 15 Mar 2021 05:41:27 GMT
request-id : 64754c9c-6840-4073-a4f5-af09b03e761e
Strict-Transport-Security : max-age=31536000
Transfer-Encoding : chunked
Vary : Accept-Encoding
x-ms-ags-diagnostic : {"ServerInfo":{"DataCenter":"Australia Southeast","Slice":"E","Ring":"3","ScaleUnit":"000","RoleInstance":"ML1PEPF00002D90"}}
{
  "error": {
    "code": "NoPermissionsInAccessToken",
    "message": "The token contains no permissions, or permissions can not be understood.",
    "innerError": {
      "oAuthEventOperationId": "71d3c08b-f87c-41e7-ab9c-04db7cb53bdb",
      "oAuthEventcV": "5M3EkgzCS0G+ss5QqoNZrg.1.1.1",
      "errorUrl": "https://aka.ms/autherrors#error-InvalidGrant",
      "requestId": "483f673b-7635-4b5d-a707-ee571ce27470",
      "date": "2021-03-15T05:41:27"
    }
  }
}

INFO main com.example.awesomeprject.GraphController - eyJ0eXAiOiJKV1QiLCJub25jZSI6Ijk3eklSYnNmTlMzWFk0a2Z3d0tPdTJlOTRrejh5T2Z2cVdCd3I5dGtydlEiLCJhbGciOiJSUzI1NiIsIng1dCI6Im5PbzNaRHJPRFhFSzFqS1doWHNsSFJfS1hFZyIsImtpZCI6Im5PbzNaRHJPRFhFSzFqS1doWHNsSFJfS1hFZyJ9.eyJhdWQiOiJodHRwczovL2dyYXBoLm1pY3Jvc29mdC5jb20iLCJpc3MiOiJodHRwczovL3N0cy53aW5kb3dzLm5ldC8zZWJhZjU2Zi03MzIwLTQxZWEtOTk0NS05MDc0MmI1ZWIyNDgvIiwiaWF0IjoxNjE1Nzg2Nzc3LCJuYmYiOjE2MTU3ODY3NzcsImV4cCI6MTYxNTc5MDY3NywiYWlvIjoiRTJaZ1lPQjIzeFU1a2UrbTdjTjAxdVlMVWM2NUFBPT0iLCJhcHBfZGlzcGxheW5hbWUiOiJNeSBNMzY1IGFwcCIsImFwcGlkIjoiMTY1OGUzNTUtNmIxYy00Zjg1LTg3YTYtMDNjZDU5OGE5YjhlIiwiYXBwaWRhY3IiOiIxIiwiaWRwIjoiaHR0cHM6Ly9zdHMud2luZG93cy5uZXQvM2ViYWY1NmYtNzMyMC00MWVhLTk5NDUtOTA3NDJiNWViMjQ4LyIsImlkdHlwIjoiYXBwIiwib2lkIjoiZmI3MjFiODUtYmY2MC00MWQ1LWE2YTMtYmY5YzQ1OWIyMzBlIiwicmgiOiIwLkFVSUFiX1c2UGlCejZrR1pSWkIwSzE2eVNGWGpXQlljYTRWUGg2WUR6Vm1LbTQ1Q0FBQS4iLCJyb2xlcyI6WyJDYWxlbmRhcnMuUmVhZCIsIlVzZXIuUmVhZC5BbGwiXSwic3ViIjoiZmI3MjFiODUtYmY2MC00MWQ1LWE2YTMtYmY5YzQ1OWIyMzBlIiwidGVuYW50X3JlZ2lvbl9zY29wZSI6Ik9DIiwidGlkIjoiM2ViYWY1NmYtNzMyMC00MWVhLTk5NDUtOTA3NDJiNWViMjQ4IiwidXRpIjoiVms4QU1wZ1RYVVNac2JuVGhuOUxBQSIsInZlciI6IjEuMCIsInhtc190Y2R0IjoxNTk2MTA5MDIwfQ.lHsilPIyXPi7krfGtGQ2jnX7zZs7ppwJxSpoZJW-DOkHyXziAhXAmW7mZHA-wUm2dxnT2PDT_WFSCo2PAnj_Aa0SeBcVHkdrwJwPg-YXSkNvKnC9KkBEJoWQ42cpkft7K3xBiunMx6t3m1dWlOSoLghp9JQCuE0dhlkc8cmuiAYtH1YUZ15iBSfFMTaVfl9Y7Lp_kFr37xj5twYbznmIupZ0yRcSyfZwDoMaj8nwOEU1VW6P7fdXXKQqSU-9F-eh2YdXPTJfaDrlMZbQq6NwB1HA80eCk1BmY-93G6I4GSKtFFraHSMFk527chogEI7OJCtBE9ov-usuLM1DNuzvhg
INFO http-nio-8090-exec-1 com.example.awesomeprject.GraphController - com.microsoft.graph.http.GraphServiceException: Error code: ErrorAccessDenied
Error message: Access is denied. Check credentials and try again.

POST https://graph.microsoft.com/v1.0/me/calendar/microsoft.graph.getSchedule
SdkVersion : graph-java/v2.10.0
Authorization : [PII_REDACTED]
{"schedules":["dbadmin@aiyihackhotmail.onmicrosoft.com","aiyi_hack_hotmail.com#EXT#@aiyihackhotmail.onmicrosoft.com"],"availabilityViewInterval":30,"endTime":{"dateTime":"2021-03-16T19:00","timeZone":"Pacific Standard Time"},"startTime":{"dateTime":"2021-03-16T09:00","timeZone":"Pacific Standard Time"}}

403 : Forbidden
Cache-Control : private
client-request-id : 1f83966d-9c4f-4ab0-9cc4-e73f311f455d
Content-Type : application/json; odata.metadata=minimal; odata.streaming=true; IEEE754Compatible=false; charset=utf-8
Date : Mon, 15 Mar 2021 05:44:46 GMT
request-id : 328b7793-f4e7-4b18-b4b3-654e940cfeb8
Strict-Transport-Security : max-age=31536000
Transfer-Encoding : chunked
Vary : Accept-Encoding
x-ms-ags-diagnostic : {"ServerInfo":{"DataCenter":"Australia Southeast","Slice":"E","Ring":"3","ScaleUnit":"000","RoleInstance":"ML1PEPF00002D8A"}}
{
  "error": {
    "code": "ErrorAccessDenied",
    "message": "Access is denied. Check credentials and try again."
  }
}

INFO main com.example.awesomeprject.GraphController - eyJ0eXAiOiJKV1QiLCJub25jZSI6ImNaeXYtcWcxUkdfSDNQLXpHLXg5UnBjOHR1RnFWdDNlZHZURTBsajBRLUkiLCJhbGciOiJSUzI1NiIsIng1dCI6Im5PbzNaRHJPRFhFSzFqS1doWHNsSFJfS1hFZyIsImtpZCI6Im5PbzNaRHJPRFhFSzFqS1doWHNsSFJfS1hFZyJ9.eyJhdWQiOiJodHRwczovL2dyYXBoLm1pY3Jvc29mdC5jb20iLCJpc3MiOiJodHRwczovL3N0cy53aW5kb3dzLm5ldC8zZWJhZjU2Zi03MzIwLTQxZWEtOTk0NS05MDc0MmI1ZWIyNDgvIiwiaWF0IjoxNjE1Nzg2ODgxLCJuYmYiOjE2MTU3ODY4ODEsImV4cCI6MTYxNTc5MDc4MSwiYWlvIjoiRTJaZ1lNaVplSFlaWTgvMUR4Y3Y5dmZYTys3Y0FnQT0iLCJhcHBfZGlzcGxheW5hbWUiOiJNeSBNMzY1IGFwcCIsImFwcGlkIjoiMTY1OGUzNTUtNmIxYy00Zjg1LTg3YTYtMDNjZDU5OGE5YjhlIiwiYXBwaWRhY3IiOiIxIiwiaWRwIjoiaHR0cHM6Ly9zdHMud2luZG93cy5uZXQvM2ViYWY1NmYtNzMyMC00MWVhLTk5NDUtOTA3NDJiNWViMjQ4LyIsImlkdHlwIjoiYXBwIiwib2lkIjoiZmI3MjFiODUtYmY2MC00MWQ1LWE2YTMtYmY5YzQ1OWIyMzBlIiwicmgiOiIwLkFVSUFiX1c2UGlCejZrR1pSWkIwSzE2eVNGWGpXQlljYTRWUGg2WUR6Vm1LbTQ1Q0FBQS4iLCJyb2xlcyI6WyJDYWxlbmRhcnMuUmVhZCIsIlVzZXIuUmVhZC5BbGwiXSwic3ViIjoiZmI3MjFiODUtYmY2MC00MWQ1LWE2YTMtYmY5YzQ1OWIyMzBlIiwidGVuYW50X3JlZ2lvbl9zY29wZSI6Ik9DIiwidGlkIjoiM2ViYWY1NmYtNzMyMC00MWVhLTk5NDUtOTA3NDJiNWViMjQ4IiwidXRpIjoiMjNfREl1T3Bya3lIaGVsT0tNSkZBQSIsInZlciI6IjEuMCIsInhtc190Y2R0IjoxNTk2MTA5MDIwfQ.F67veIeRvjUDeZXdTDUH4kFyNp2WmM8JYbE-5SMNAJn44T4cOnf32BmVFQ3018H5U3JkhTMqlahJBTGjyJZlJ402JzLb8ZLcjHH_JLmQOs_sBLT6lIRPMfVeunWZLBF5aGPzeY2VaxMCzA8gASHq6deERGuD3hu7tlHGtZ4bce7lXR8bPxONvjEHRzCnhDRnnjF7IgzSd0YPFqHHTIbThBeIORDgx4G2f4GwyKKbCKoU97APNdSgw6E_-6TsYALIRgW6HedbXJayFGO5So1xO-hLBwM--C3LFtmWMLAlFbT5jCfV0D04ZwkLyicTsUSVTz1Pika5dAdFvXcGuRbyjg
INFO http-nio-8090-exec-1 com.example.awesomeprject.GraphController - com.microsoft.graph.http.GraphServiceException: Error code: ErrorAccessDenied
Error message: Access is denied. Check credentials and try again.

POST https://graph.microsoft.com/v1.0/me/calendar/microsoft.graph.getSchedule
SdkVersion : graph-java/v2.10.0
Authorization : [PII_REDACTED]
{"schedules":["dbadmin@aiyihackhotmail.onmicrosoft.com","aiyi_hack_hotmail.com#EXT#@aiyihackhotmail.onmicrosoft.com"],"availabilityViewInterval":30,"endTime":{"dateTime":"2021-03-16T19:00","timeZone":"Pacific Standard Time"},"startTime":{"dateTime":"2021-03-16T09:00","timeZone":"Pacific Standard Time"}}

403 : Forbidden
Cache-Control : private
client-request-id : 09de9b25-fc03-4c72-8507-69075ad2ccd2
Content-Type : application/json; odata.metadata=minimal; odata.streaming=true; IEEE754Compatible=false; charset=utf-8
Date : Mon, 15 Mar 2021 05:46:59 GMT
request-id : cd51281d-cc35-4484-8aec-62a54d6a880e
Strict-Transport-Security : max-age=31536000
Transfer-Encoding : chunked
Vary : Accept-Encoding
x-ms-ags-diagnostic : {"ServerInfo":{"DataCenter":"Australia Southeast","Slice":"E","Ring":"3","ScaleUnit":"000","RoleInstance":"ML1PEPF000035B1"}}
{
  "error": {
    "code": "ErrorAccessDenied",
    "message": "Access is denied. Check credentials and try again."
  }
}

INFO main com.example.awesomeprject.GraphController - eyJ0eXAiOiJKV1QiLCJub25jZSI6Ikx6T1J6NXpoUkhTOUI1MWMtTFd1dkVzNUJaUWZpdk5fSWtLc2cwYVZEdVEiLCJhbGciOiJSUzI1NiIsIng1dCI6Im5PbzNaRHJPRFhFSzFqS1doWHNsSFJfS1hFZyIsImtpZCI6Im5PbzNaRHJPRFhFSzFqS1doWHNsSFJfS1hFZyJ9.eyJhdWQiOiJodHRwczovL2dyYXBoLm1pY3Jvc29mdC5jb20iLCJpc3MiOiJodHRwczovL3N0cy53aW5kb3dzLm5ldC8zZWJhZjU2Zi03MzIwLTQxZWEtOTk0NS05MDc0MmI1ZWIyNDgvIiwiaWF0IjoxNjE1Nzg3MDI1LCJuYmYiOjE2MTU3ODcwMjUsImV4cCI6MTYxNTc5MDkyNSwiYWlvIjoiRTJaZ1lEaHFhdnJ0VktWRjhOV2w4ZnN2bGJWRkFnQT0iLCJhcHBfZGlzcGxheW5hbWUiOiJNeSBNMzY1IGFwcCIsImFwcGlkIjoiMTY1OGUzNTUtNmIxYy00Zjg1LTg3YTYtMDNjZDU5OGE5YjhlIiwiYXBwaWRhY3IiOiIxIiwiaWRwIjoiaHR0cHM6Ly9zdHMud2luZG93cy5uZXQvM2ViYWY1NmYtNzMyMC00MWVhLTk5NDUtOTA3NDJiNWViMjQ4LyIsImlkdHlwIjoiYXBwIiwib2lkIjoiZmI3MjFiODUtYmY2MC00MWQ1LWE2YTMtYmY5YzQ1OWIyMzBlIiwicmgiOiIwLkFVSUFiX1c2UGlCejZrR1pSWkIwSzE2eVNGWGpXQlljYTRWUGg2WUR6Vm1LbTQ1Q0FBQS4iLCJyb2xlcyI6WyJDYWxlbmRhcnMuUmVhZCIsIlVzZXIuUmVhZC5BbGwiLCJTY2hlZHVsZS5SZWFkLkFsbCJdLCJzdWIiOiJmYjcyMWI4NS1iZjYwLTQxZDUtYTZhMy1iZjljNDU5YjIzMGUiLCJ0ZW5hbnRfcmVnaW9uX3Njb3BlIjoiT0MiLCJ0aWQiOiIzZWJhZjU2Zi03MzIwLTQxZWEtOTk0NS05MDc0MmI1ZWIyNDgiLCJ1dGkiOiJkbW9OdlYwZEFFQzZQUDJ1RE1BMEFBIiwidmVyIjoiMS4wIiwieG1zX3RjZHQiOjE1OTYxMDkwMjB9.Um0N5wzp6xKcGg2bIiha7xmnCY3SNXT6uYJWkywoWSK9T9mERMuJIT0Ce5LNKReWbcuvheCUVsPJTS9KmNgnz8w3lQqoK3JcGpnakqyjvWfHW4Cvxe5RtBicKl-npOwSelLLFvevubhxLngdXwDHftLFiqy-GNwA5jGRsb3vCTE1mucRCkyeMlT6pgwhPpNaxjjhlps8WtGmUYoMnRubgfI3xHJkzVYqCC8bOfyc33mUWwVYVLyn67UP-nCKR220dV3y8KYuj-p1-Zvxkh8VKh14HwjAWj8nFUKI-267Tzva43ruEabX5OaQGVs8qcU1djyk37hQ6mjeCzxiwkcNOw
INFO http-nio-8090-exec-1 com.example.awesomeprject.GraphController - com.microsoft.graph.http.GraphServiceException: Error code: ErrorAccessDenied
Error message: Access is denied. Check credentials and try again.

POST https://graph.microsoft.com/v1.0/me/calendar/microsoft.graph.getSchedule
SdkVersion : graph-java/v2.10.0
Authorization : [PII_REDACTED]
{"schedules":["dbadmin@aiyihackhotmail.onmicrosoft.com","aiyi_hack_hotmail.com#EXT#@aiyihackhotmail.onmicrosoft.com"],"availabilityViewInterval":30,"endTime":{"dateTime":"2021-03-16T19:00","timeZone":"Pacific Standard Time"},"startTime":{"dateTime":"2021-03-16T09:00","timeZone":"Pacific Standard Time"}}

403 : Forbidden
Cache-Control : private
client-request-id : 07270f58-7711-46f0-84a7-e6da01155e66
Content-Type : application/json; odata.metadata=minimal; odata.streaming=true; IEEE754Compatible=false; charset=utf-8
Date : Mon, 15 Mar 2021 05:48:51 GMT
request-id : 2676b806-1663-495e-8f60-666c2ecc7128
Strict-Transport-Security : max-age=31536000
Transfer-Encoding : chunked
Vary : Accept-Encoding
x-ms-ags-diagnostic : {"ServerInfo":{"DataCenter":"Australia Southeast","Slice":"E","Ring":"3","ScaleUnit":"000","RoleInstance":"ML1PEPF000035A0"}}
{
  "error": {
    "code": "ErrorAccessDenied",
    "message": "Access is denied. Check credentials and try again."
  }
}

INFO main com.example.awesomeprject.GraphController - eyJ0eXAiOiJKV1QiLCJub25jZSI6IjlwTlh2OTRhdktDOVUzSzRXeHhETnZfTFh3TnZjZElLS2xZV0U2WXRIUU0iLCJhbGciOiJSUzI1NiIsIng1dCI6Im5PbzNaRHJPRFhFSzFqS1doWHNsSFJfS1hFZyIsImtpZCI6Im5PbzNaRHJPRFhFSzFqS1doWHNsSFJfS1hFZyJ9.eyJhdWQiOiJodHRwczovL2dyYXBoLm1pY3Jvc29mdC5jb20iLCJpc3MiOiJodHRwczovL3N0cy53aW5kb3dzLm5ldC8zZWJhZjU2Zi03MzIwLTQxZWEtOTk0NS05MDc0MmI1ZWIyNDgvIiwiaWF0IjoxNjE1Nzg3NDEyLCJuYmYiOjE2MTU3ODc0MTIsImV4cCI6MTYxNTc5MTMxMiwiYWlvIjoiRTJaZ1lQRC9XOXB4Ni9hK1Irdm1oVHhZTVljaEh3QT0iLCJhcHBfZGlzcGxheW5hbWUiOiJNeSBNMzY1IGFwcCIsImFwcGlkIjoiMTY1OGUzNTUtNmIxYy00Zjg1LTg3YTYtMDNjZDU5OGE5YjhlIiwiYXBwaWRhY3IiOiIxIiwiaWRwIjoiaHR0cHM6Ly9zdHMud2luZG93cy5uZXQvM2ViYWY1NmYtNzMyMC00MWVhLTk5NDUtOTA3NDJiNWViMjQ4LyIsImlkdHlwIjoiYXBwIiwib2lkIjoiZmI3MjFiODUtYmY2MC00MWQ1LWE2YTMtYmY5YzQ1OWIyMzBlIiwicmgiOiIwLkFVSUFiX1c2UGlCejZrR1pSWkIwSzE2eVNGWGpXQlljYTRWUGg2WUR6Vm1LbTQ1Q0FBQS4iLCJyb2xlcyI6WyJDYWxlbmRhcnMuUmVhZCIsIlVzZXIuUmVhZC5BbGwiLCJTY2hlZHVsZS5SZWFkLkFsbCJdLCJzdWIiOiJmYjcyMWI4NS1iZjYwLTQxZDUtYTZhMy1iZjljNDU5YjIzMGUiLCJ0ZW5hbnRfcmVnaW9uX3Njb3BlIjoiT0MiLCJ0aWQiOiIzZWJhZjU2Zi03MzIwLTQxZWEtOTk0NS05MDc0MmI1ZWIyNDgiLCJ1dGkiOiJnY3dPbHR4OS1VNmtMQVJqMWd4VEFBIiwidmVyIjoiMS4wIiwieG1zX3RjZHQiOjE1OTYxMDkwMjB9.lMl8nfbd-D3TUZSWrIoGpHhOw8yvv3OKa8-73pNfj7hUB6AP_ZbPLZ6CIYmTzZe0lOLWjazmY94H9MBJdmYza83GE0nJw2QiNOEXc9m0H7MoaLuG6ZE-i3kz2hkWpcN-WSSGZa5n-2m1Tr-6iDgMLd74yPy4XGxujiX_OK0UM_zsz9lKljQo_AgERgbnD5LCmviMnodgttgdP2HHVoQ2OzTs8nCC_bie-0imVylGDbw5slbx8gs8YlrBt07q_Fec4GV5sns8ga6l9zLfVMPRf2Iuwuo44r233lUuGsievRhIgwXZWzE-h0gYxPMUtsTpI8OP1sN6eBT5qXBxuiMg6g
INFO main com.example.awesomeprject.GraphController - eyJ0eXAiOiJKV1QiLCJub25jZSI6ImxFMF96TlFuN3JyZXA1YTNxY0pTc245UGJvZ0hVMGpYODBmdjVQSVh1QVUiLCJhbGciOiJSUzI1NiIsIng1dCI6Im5PbzNaRHJPRFhFSzFqS1doWHNsSFJfS1hFZyIsImtpZCI6Im5PbzNaRHJPRFhFSzFqS1doWHNsSFJfS1hFZyJ9.eyJhdWQiOiJodHRwczovL2dyYXBoLm1pY3Jvc29mdC5jb20iLCJpc3MiOiJodHRwczovL3N0cy53aW5kb3dzLm5ldC8zZWJhZjU2Zi03MzIwLTQxZWEtOTk0NS05MDc0MmI1ZWIyNDgvIiwiaWF0IjoxNjE1Nzg3ODc4LCJuYmYiOjE2MTU3ODc4NzgsImV4cCI6MTYxNTc5MTc3OCwiYWlvIjoiRTJaZ1lMQmp5MytXY09DR1I0UzI1ZDZDdEIyNkFBPT0iLCJhcHBfZGlzcGxheW5hbWUiOiJNeSBNMzY1IGFwcCIsImFwcGlkIjoiMTY1OGUzNTUtNmIxYy00Zjg1LTg3YTYtMDNjZDU5OGE5YjhlIiwiYXBwaWRhY3IiOiIxIiwiaWRwIjoiaHR0cHM6Ly9zdHMud2luZG93cy5uZXQvM2ViYWY1NmYtNzMyMC00MWVhLTk5NDUtOTA3NDJiNWViMjQ4LyIsImlkdHlwIjoiYXBwIiwib2lkIjoiZmI3MjFiODUtYmY2MC00MWQ1LWE2YTMtYmY5YzQ1OWIyMzBlIiwicmgiOiIwLkFVSUFiX1c2UGlCejZrR1pSWkIwSzE2eVNGWGpXQlljYTRWUGg2WUR6Vm1LbTQ1Q0FBQS4iLCJyb2xlcyI6WyJDYWxlbmRhcnMuUmVhZCIsIlVzZXIuUmVhZC5BbGwiLCJTY2hlZHVsZS5SZWFkLkFsbCJdLCJzdWIiOiJmYjcyMWI4NS1iZjYwLTQxZDUtYTZhMy1iZjljNDU5YjIzMGUiLCJ0ZW5hbnRfcmVnaW9uX3Njb3BlIjoiT0MiLCJ0aWQiOiIzZWJhZjU2Zi03MzIwLTQxZWEtOTk0NS05MDc0MmI1ZWIyNDgiLCJ1dGkiOiJ6aDlFUzQ0cnEwcTkyLWh6QVJ4WUFBIiwidmVyIjoiMS4wIiwieG1zX3RjZHQiOjE1OTYxMDkwMjB9.h4UdXObN7hq9NtNiIjXxTmHJcjT46X8gE9kOPWT602X5qaNKkBxt9UxVJsWo6RiSMSf_uzWiUPw3itfloeX9y9PmXZhyjapsFyohYux6wB24oyjdn4I6xwy1V0F0mg4Wl0iVHJuNam644IcmW90Wrf01sZnkJXmmT_1PDcmv7SVvYD3rtkG3tsSImqIHRsjybgT4oLPCa4TTR_TqZaX8RkoajLATq7May0m4kfBQO9CxApvEMaCBIEImaJWZ3lPw-S7ZW3rGbpI_2qbevyC42veJ1MZwMWrrcwSfSfbenV5kBR-FMx0BqVtt3g-kBiHpESCBLHb1OFcNai54tyryRA
INFO http-nio-8090-exec-1 com.example.awesomeprject.GraphController - com.microsoft.graph.http.GraphServiceException: Error code: ErrorAccessDenied
Error message: Access is denied. Check credentials and try again.

POST https://graph.microsoft.com/v1.0/me/calendar/microsoft.graph.getSchedule
SdkVersion : graph-java/v2.10.0
Authorization : [PII_REDACTED]
{"schedules":["dbadmin@aiyihackhotmail.onmicrosoft.com","aiyi_hack_hotmail.com#EXT#@aiyihackhotmail.onmicrosoft.com"],"availabilityViewInterval":30,"endTime":{"dateTime":"2021-03-16T19:00","timeZone":"Pacific Standard Time"},"startTime":{"dateTime":"2021-03-16T09:00","timeZone":"Pacific Standard Time"}}

403 : Forbidden
Cache-Control : private
client-request-id : 322f0cd2-0ecd-445f-89fc-e622a6fb9ffc
Content-Type : application/json; odata.metadata=minimal; odata.streaming=true; IEEE754Compatible=false; charset=utf-8
Date : Mon, 15 Mar 2021 06:03:07 GMT
request-id : d80f7f99-4908-4a11-80d7-5eccb128dc8e
Strict-Transport-Security : max-age=31536000
Transfer-Encoding : chunked
Vary : Accept-Encoding
x-ms-ags-diagnostic : {"ServerInfo":{"DataCenter":"Australia Southeast","Slice":"E","Ring":"4","ScaleUnit":"002","RoleInstance":"ML1PEPF00003587"}}
{
  "error": {
    "code": "ErrorAccessDenied",
    "message": "Access is denied. Check credentials and try again."
  }
}

INFO main com.example.awesomeprject.GraphController - eyJ0eXAiOiJKV1QiLCJub25jZSI6Im14WlBWSWJ1Y1ZnN0VsR2hKSWRyMUZ3dGJrR0lZaGFuaGFsV3hrdzBiVlEiLCJhbGciOiJSUzI1NiIsIng1dCI6Im5PbzNaRHJPRFhFSzFqS1doWHNsSFJfS1hFZyIsImtpZCI6Im5PbzNaRHJPRFhFSzFqS1doWHNsSFJfS1hFZyJ9.eyJhdWQiOiJodHRwczovL2dyYXBoLm1pY3Jvc29mdC5jb20iLCJpc3MiOiJodHRwczovL3N0cy53aW5kb3dzLm5ldC8zZWJhZjU2Zi03MzIwLTQxZWEtOTk0NS05MDc0MmI1ZWIyNDgvIiwiaWF0IjoxNjE1Nzg5OTMwLCJuYmYiOjE2MTU3ODk5MzAsImV4cCI6MTYxNTc5MzgzMCwiYWlvIjoiRTJaZ1lMalYvMENOcy95YkIrOVV6MjN2VDUzbkJ3QT0iLCJhcHBfZGlzcGxheW5hbWUiOiJNeSBNMzY1IGFwcCIsImFwcGlkIjoiMTY1OGUzNTUtNmIxYy00Zjg1LTg3YTYtMDNjZDU5OGE5YjhlIiwiYXBwaWRhY3IiOiIxIiwiaWRwIjoiaHR0cHM6Ly9zdHMud2luZG93cy5uZXQvM2ViYWY1NmYtNzMyMC00MWVhLTk5NDUtOTA3NDJiNWViMjQ4LyIsImlkdHlwIjoiYXBwIiwib2lkIjoiZmI3MjFiODUtYmY2MC00MWQ1LWE2YTMtYmY5YzQ1OWIyMzBlIiwicmgiOiIwLkFVSUFiX1c2UGlCejZrR1pSWkIwSzE2eVNGWGpXQlljYTRWUGg2WUR6Vm1LbTQ1Q0FBQS4iLCJyb2xlcyI6WyJDYWxlbmRhcnMuUmVhZCIsIlVzZXIuUmVhZC5BbGwiLCJTY2hlZHVsZS5SZWFkLkFsbCJdLCJzdWIiOiJmYjcyMWI4NS1iZjYwLTQxZDUtYTZhMy1iZjljNDU5YjIzMGUiLCJ0ZW5hbnRfcmVnaW9uX3Njb3BlIjoiT0MiLCJ0aWQiOiIzZWJhZjU2Zi03MzIwLTQxZWEtOTk0NS05MDc0MmI1ZWIyNDgiLCJ1dGkiOiJnUXREV0JJcm9VdUFiMDd5YXIxVkFBIiwidmVyIjoiMS4wIiwieG1zX3RjZHQiOjE1OTYxMDkwMjB9.KBcq5db070Ih46NPABMoRkBr-7PNZgGo5P8BWvrSBbSJf1OqLtFU3Tu2Fz7GBndf6CyVo3Km-9TUgDHm_e3w9TMFn0jynJNMd7OEfdFIF7zZUvX9IOMNrYnmNxdNiVd1js-exK9u1BcE9A4fKS16N1x4JwHyp9dvswrGhwwe7SwKDRj70vQI2O04bFXiFJ5J9Tfal40_vl5ACwkiYHLY9No-GoQNi27Grehilp1U7VBsiJhZf9y__dC5TEZgMqD_WIZRZeL9e5yOAhQTSTrhF_xu46G21YVWfF4G9o-zSFX_dIuiI7oeP0Vu1nCYYBR4bPYRB7tuuCfbeTF-QEU4Ig
INFO main com.example.awesomeprject.GraphController - eyJ0eXAiOiJKV1QiLCJub25jZSI6Ijhqc2x0ay1acURvNkZoTkRBZVdNREhxMDFHWHVOWUlQcWxJS3ZBc0VKbUkiLCJhbGciOiJSUzI1NiIsIng1dCI6Im5PbzNaRHJPRFhFSzFqS1doWHNsSFJfS1hFZyIsImtpZCI6Im5PbzNaRHJPRFhFSzFqS1doWHNsSFJfS1hFZyJ9.eyJhdWQiOiJodHRwczovL2dyYXBoLm1pY3Jvc29mdC5jb20iLCJpc3MiOiJodHRwczovL3N0cy53aW5kb3dzLm5ldC8zZWJhZjU2Zi03MzIwLTQxZWEtOTk0NS05MDc0MmI1ZWIyNDgvIiwiaWF0IjoxNjE1NzkwMTM4LCJuYmYiOjE2MTU3OTAxMzgsImV4cCI6MTYxNTc5NDAzOCwiYWlvIjoiRTJaZ1lMQ1JsWTI1VnNxUkxjVHgzNDNyWk5KVUFBPT0iLCJhcHBfZGlzcGxheW5hbWUiOiJNeSBNMzY1IGFwcCIsImFwcGlkIjoiMTY1OGUzNTUtNmIxYy00Zjg1LTg3YTYtMDNjZDU5OGE5YjhlIiwiYXBwaWRhY3IiOiIxIiwiaWRwIjoiaHR0cHM6Ly9zdHMud2luZG93cy5uZXQvM2ViYWY1NmYtNzMyMC00MWVhLTk5NDUtOTA3NDJiNWViMjQ4LyIsImlkdHlwIjoiYXBwIiwib2lkIjoiZmI3MjFiODUtYmY2MC00MWQ1LWE2YTMtYmY5YzQ1OWIyMzBlIiwicmgiOiIwLkFVSUFiX1c2UGlCejZrR1pSWkIwSzE2eVNGWGpXQlljYTRWUGg2WUR6Vm1LbTQ1Q0FBQS4iLCJyb2xlcyI6WyJDYWxlbmRhcnMuUmVhZCIsIlVzZXIuUmVhZC5BbGwiLCJTY2hlZHVsZS5SZWFkLkFsbCJdLCJzdWIiOiJmYjcyMWI4NS1iZjYwLTQxZDUtYTZhMy1iZjljNDU5YjIzMGUiLCJ0ZW5hbnRfcmVnaW9uX3Njb3BlIjoiT0MiLCJ0aWQiOiIzZWJhZjU2Zi03MzIwLTQxZWEtOTk0NS05MDc0MmI1ZWIyNDgiLCJ1dGkiOiJpLWRRbzlpeGxFaTVtai14S0tabUFBIiwidmVyIjoiMS4wIiwieG1zX3RjZHQiOjE1OTYxMDkwMjB9.TGHjUnsSK424zHzWnTcInohzNFa4yd36SFYhg4sjoM33CbwtIKIPQr286l9WFkIRe3QdZQlYbvjS7Dwh8kc3Z5n2_K5-pW4gyEEiVBRLo3ir57LErZUwUMz0amUTsYjI1gP0juum0ErMZUB2c-0pmunihJ6_yTwxAQkkj4ADwaIqwwnvzglTsbMBZXX5oD3k5nxoVfarM6LgPtKkVmOB8I91MMMQovKgf_kuVjaEH2ZE84fKqkkYCkNHz7q8UhakVm5lUSRpjY05r8ZShsrz40rLdwm0neIKCdFG92uSWeY52m5VEORnEtikPdsEAMucBv3Aq7JgbSaS3uc39xuAdA
INFO main com.example.awesomeprject.GraphController - eyJ0eXAiOiJKV1QiLCJub25jZSI6IkpiaFV5V2NaSXVrQ3E4bkRkMjZ1Y2J3WjlmZktfX1dVY1lubjkyS1ZVZEkiLCJhbGciOiJSUzI1NiIsIng1dCI6Im5PbzNaRHJPRFhFSzFqS1doWHNsSFJfS1hFZyIsImtpZCI6Im5PbzNaRHJPRFhFSzFqS1doWHNsSFJfS1hFZyJ9.eyJhdWQiOiJodHRwczovL2dyYXBoLm1pY3Jvc29mdC5jb20iLCJpc3MiOiJodHRwczovL3N0cy53aW5kb3dzLm5ldC8zZWJhZjU2Zi03MzIwLTQxZWEtOTk0NS05MDc0MmI1ZWIyNDgvIiwiaWF0IjoxNjE1NzkwMjIzLCJuYmYiOjE2MTU3OTAyMjMsImV4cCI6MTYxNTc5NDEyMywiYWlvIjoiRTJaZ1lGaG4rY0Q2MUZIMm9KODYvRnRhUlArSUFBQT0iLCJhcHBfZGlzcGxheW5hbWUiOiJNeSBNMzY1IGFwcCIsImFwcGlkIjoiMTY1OGUzNTUtNmIxYy00Zjg1LTg3YTYtMDNjZDU5OGE5YjhlIiwiYXBwaWRhY3IiOiIxIiwiaWRwIjoiaHR0cHM6Ly9zdHMud2luZG93cy5uZXQvM2ViYWY1NmYtNzMyMC00MWVhLTk5NDUtOTA3NDJiNWViMjQ4LyIsImlkdHlwIjoiYXBwIiwib2lkIjoiZmI3MjFiODUtYmY2MC00MWQ1LWE2YTMtYmY5YzQ1OWIyMzBlIiwicmgiOiIwLkFVSUFiX1c2UGlCejZrR1pSWkIwSzE2eVNGWGpXQlljYTRWUGg2WUR6Vm1LbTQ1Q0FBQS4iLCJyb2xlcyI6WyJDYWxlbmRhcnMuUmVhZCIsIlVzZXIuUmVhZC5BbGwiLCJTY2hlZHVsZS5SZWFkLkFsbCJdLCJzdWIiOiJmYjcyMWI4NS1iZjYwLTQxZDUtYTZhMy1iZjljNDU5YjIzMGUiLCJ0ZW5hbnRfcmVnaW9uX3Njb3BlIjoiT0MiLCJ0aWQiOiIzZWJhZjU2Zi03MzIwLTQxZWEtOTk0NS05MDc0MmI1ZWIyNDgiLCJ1dGkiOiJtVHpoeC1yZkdrS192VXFVM2J4c0FBIiwidmVyIjoiMS4wIiwieG1zX3RjZHQiOjE1OTYxMDkwMjB9.GRE1g_d19AauB2J0J0_kfLP7ue0O4IBt4vxtuM1Bp29JjGfvVDAhZLXh5Ucjkqwro8OZId3X7nscyLy0Jf5GE-rMH6d_vGwmgpGKKTQo8DizV0HGVDASL5gjlgKN2fmpzfQtFZHLlipZagGPx-58ZQ4JEg4vY0Ch5DMqJLqbh6J9iwZ_woNLclumKRQ9rR_bKy23NTH7Lmdd3reR7bnf-0pIFGLsEIBW99d_Q9jKKqOpAsMuEIH7ZwDdfzM7xGkrA5AC3XezxWr9Rv15np64qODyC7x-lWWlCtTvjAsyJMX_FiL_QHQOO6bBwLhvQvNoldIznRE_B4u4VfacQW68mA
INFO main com.example.awesomeprject.GraphController - eyJ0eXAiOiJKV1QiLCJub25jZSI6Il9rbHJoT2hiRjgwVVI1UzdWalBhUG1OTlE1aV8tNTUyNzlJX3ltdXJLVVkiLCJhbGciOiJSUzI1NiIsIng1dCI6Im5PbzNaRHJPRFhFSzFqS1doWHNsSFJfS1hFZyIsImtpZCI6Im5PbzNaRHJPRFhFSzFqS1doWHNsSFJfS1hFZyJ9.eyJhdWQiOiJodHRwczovL2dyYXBoLm1pY3Jvc29mdC5jb20iLCJpc3MiOiJodHRwczovL3N0cy53aW5kb3dzLm5ldC8zZWJhZjU2Zi03MzIwLTQxZWEtOTk0NS05MDc0MmI1ZWIyNDgvIiwiaWF0IjoxNjE1NzkwNjI1LCJuYmYiOjE2MTU3OTA2MjUsImV4cCI6MTYxNTc5NDUyNSwiYWlvIjoiRTJaZ1lIaGU5bEhYaE9zNGcxaEs5dHZHU3ZPbEFBPT0iLCJhcHBfZGlzcGxheW5hbWUiOiJNeSBNMzY1IGFwcCIsImFwcGlkIjoiMTY1OGUzNTUtNmIxYy00Zjg1LTg3YTYtMDNjZDU5OGE5YjhlIiwiYXBwaWRhY3IiOiIxIiwiaWRwIjoiaHR0cHM6Ly9zdHMud2luZG93cy5uZXQvM2ViYWY1NmYtNzMyMC00MWVhLTk5NDUtOTA3NDJiNWViMjQ4LyIsImlkdHlwIjoiYXBwIiwib2lkIjoiZmI3MjFiODUtYmY2MC00MWQ1LWE2YTMtYmY5YzQ1OWIyMzBlIiwicmgiOiIwLkFVSUFiX1c2UGlCejZrR1pSWkIwSzE2eVNGWGpXQlljYTRWUGg2WUR6Vm1LbTQ1Q0FBQS4iLCJyb2xlcyI6WyJDYWxlbmRhcnMuUmVhZCIsIlVzZXIuUmVhZC5BbGwiLCJTY2hlZHVsZS5SZWFkLkFsbCJdLCJzdWIiOiJmYjcyMWI4NS1iZjYwLTQxZDUtYTZhMy1iZjljNDU5YjIzMGUiLCJ0ZW5hbnRfcmVnaW9uX3Njb3BlIjoiT0MiLCJ0aWQiOiIzZWJhZjU2Zi03MzIwLTQxZWEtOTk0NS05MDc0MmI1ZWIyNDgiLCJ1dGkiOiJkRWVzem1nQ2NrNjFSbk9jTVRGZEFBIiwidmVyIjoiMS4wIiwieG1zX3RjZHQiOjE1OTYxMDkwMjB9.ShdTbHfiU0GaBLUkTmN7H3VEgIaG0arHM-o_3ZEUil0TNuCVHWSmxLVyTKXuL6VDSdDCf721475DmcnbevdVU2rdOuRJT2p6XzSXD_6WG_pDjE4qHEt-qcqxkBG7YwvhQAA51cplg-ovHBTS6VGvKYBUMrCNWPoQFcR_uBVp07obX0juA-GBcQ1oOR2bb216UBy-eaKOnGp6Iq7p0Kcab6bsih9Nbx60grBDUPWq5q7SpMJLhpFx5xiOvwk-aw2tId8IFrqbAlq3KdVcaXzt4H9RM7pc10aNQeVB01eyaSJd7hausmh6xBvElEtI0DeWwUILGS2-ZOJIefhHDgQTmA
INFO http-nio-8090-exec-1 com.example.awesomeprject.GraphController - com.microsoft.graph.http.GraphServiceException: Error code: ErrorInvalidUser
Error message: The requested user '35f90fef-03ad-4964-8cbb-ec52bd8e7a09' is invalid.

POST https://graph.microsoft.com/v1.0/users/35f90fef-03ad-4964-8cbb-ec52bd8e7a09/calendar/microsoft.graph.getSchedule
SdkVersion : graph-java/v2.10.0
Authorization : [PII_REDACTED]
{"schedules":["dbadmin@aiyihackhotmail.onmicrosoft.com","aiyi_hack_hotmail.com#EXT#@aiyihackhotmail.onmicrosoft.com"],"availabilityViewInterval":30,"endTime":{"dateTime":"2021-03-16T19:00","timeZone":"Pacific Standard Time"},"startTime":{"dateTime":"2021-03-16T09:00","timeZone":"Pacific Standard Time"}}

404 : Not Found
Cache-Control : private
client-request-id : 66e29136-da56-45e6-9974-fd49e7d03a43
Content-Type : application/json; odata.metadata=minimal; odata.streaming=true; IEEE754Compatible=false; charset=utf-8
Date : Mon, 15 Mar 2021 06:49:12 GMT
request-id : 5816f249-ad10-4771-be4f-3cce3a9501d1
Strict-Transport-Security : max-age=31536000
Transfer-Encoding : chunked
Vary : Accept-Encoding
x-ms-ags-diagnostic : {"ServerInfo":{"DataCenter":"Australia Southeast","Slice":"E","Ring":"4","ScaleUnit":"001","RoleInstance":"ML1PEPF000034A9"}}
{
  "error": {
    "code": "ErrorInvalidUser",
    "message": "The requested user \u002735f90fef-03ad-4964-8cbb-ec52bd8e7a09\u0027 is invalid."
  }
}

INFO main com.example.awesomeprject.GraphController - eyJ0eXAiOiJKV1QiLCJub25jZSI6IjlQcWxGcDJMUmFWYmI5NWVOTndiWGJjRGNnMV9XZDBRSU0yZUtmWExfZEkiLCJhbGciOiJSUzI1NiIsIng1dCI6Im5PbzNaRHJPRFhFSzFqS1doWHNsSFJfS1hFZyIsImtpZCI6Im5PbzNaRHJPRFhFSzFqS1doWHNsSFJfS1hFZyJ9.eyJhdWQiOiJodHRwczovL2dyYXBoLm1pY3Jvc29mdC5jb20iLCJpc3MiOiJodHRwczovL3N0cy53aW5kb3dzLm5ldC8zZWJhZjU2Zi03MzIwLTQxZWEtOTk0NS05MDc0MmI1ZWIyNDgvIiwiaWF0IjoxNjE1NzkwODAxLCJuYmYiOjE2MTU3OTA4MDEsImV4cCI6MTYxNTc5NDcwMSwiYWlvIjoiRTJaZ1lEaFU4Mm0rLzFPT0kvL25YWkN6c0cxa0F3QT0iLCJhcHBfZGlzcGxheW5hbWUiOiJNeSBNMzY1IGFwcCIsImFwcGlkIjoiMTY1OGUzNTUtNmIxYy00Zjg1LTg3YTYtMDNjZDU5OGE5YjhlIiwiYXBwaWRhY3IiOiIxIiwiaWRwIjoiaHR0cHM6Ly9zdHMud2luZG93cy5uZXQvM2ViYWY1NmYtNzMyMC00MWVhLTk5NDUtOTA3NDJiNWViMjQ4LyIsImlkdHlwIjoiYXBwIiwib2lkIjoiZmI3MjFiODUtYmY2MC00MWQ1LWE2YTMtYmY5YzQ1OWIyMzBlIiwicmgiOiIwLkFVSUFiX1c2UGlCejZrR1pSWkIwSzE2eVNGWGpXQlljYTRWUGg2WUR6Vm1LbTQ1Q0FBQS4iLCJyb2xlcyI6WyJDYWxlbmRhcnMuUmVhZCIsIlVzZXIuUmVhZC5BbGwiLCJTY2hlZHVsZS5SZWFkLkFsbCJdLCJzdWIiOiJmYjcyMWI4NS1iZjYwLTQxZDUtYTZhMy1iZjljNDU5YjIzMGUiLCJ0ZW5hbnRfcmVnaW9uX3Njb3BlIjoiT0MiLCJ0aWQiOiIzZWJhZjU2Zi03MzIwLTQxZWEtOTk0NS05MDc0MmI1ZWIyNDgiLCJ1dGkiOiJWMm1xRUh0TFdFU2ZQdjdDam80YUFBIiwidmVyIjoiMS4wIiwieG1zX3RjZHQiOjE1OTYxMDkwMjB9.UUmHeEEIP1nL8s287hQaDAB0U3jIa72bcl1g0VWPhRpYTCPmxILHCZCvqvmAUARRetvYdO8rOJf11s_9my1U7_FYndXqWgeJxhNNeRe4Vuq8p9JEpvIjrXW0LmZz7rv8QDAg3c74kyZYZSurHwXC46ImRR6raNPjcKnUA7Uoq1xKnNmHWqSCJxKZuaLH7g3fc448yf8DTpz-7SyInreQTWM_F5HURJ0cNMEZutVrYVwsozrdQz8sQ60aBUhGSGGUC2EHt0J3j5KadZhMQocD9uHBbsU16_qc5dbcvlW75ftpYVAUzaLZjRy4ZgXNFcLdctBAt6wR_pJRrXBjSYEvLg
INFO http-nio-8090-exec-1 com.example.awesomeprject.GraphController - com.microsoft.graph.http.GraphServiceException: Error code: ErrorInvalidUser
Error message: The requested user 'DefaultDirectory@aiyihackhotmail.onmicrosoft.com' is invalid.

POST https://graph.microsoft.com/v1.0/users/DefaultDirectory@aiyihackhotmail.onmicrosoft.com/calendar/microsoft.graph.getSchedule
SdkVersion : graph-java/v2.10.0
Authorization : [PII_REDACTED]
{"schedules":["dbadmin@aiyihackhotmail.onmicrosoft.com","aiyi_hack_hotmail.com#EXT#@aiyihackhotmail.onmicrosoft.com"],"availabilityViewInterval":30,"endTime":{"dateTime":"2021-03-16T19:00","timeZone":"Pacific Standard Time"},"startTime":{"dateTime":"2021-03-16T09:00","timeZone":"Pacific Standard Time"}}

404 : Not Found
Cache-Control : private
client-request-id : 9d689cfc-df98-4423-b741-a31c61b476cf
Content-Type : application/json; odata.metadata=minimal; odata.streaming=true; IEEE754Compatible=false; charset=utf-8
Date : Mon, 15 Mar 2021 06:52:03 GMT
request-id : 1ce5219e-0315-4985-8af5-001060badf01
Strict-Transport-Security : max-age=31536000
Transfer-Encoding : chunked
Vary : Accept-Encoding
x-ms-ags-diagnostic : {"ServerInfo":{"DataCenter":"Australia Southeast","Slice":"E","Ring":"4","ScaleUnit":"001","RoleInstance":"ML1PEPF000034AF"}}
{
  "error": {
    "code": "ErrorInvalidUser",
    "message": "The requested user \u0027DefaultDirectory@aiyihackhotmail.onmicrosoft.com\u0027 is invalid."
  }
}

INFO main com.example.awesomeprject.GraphController - eyJ0eXAiOiJKV1QiLCJub25jZSI6IkRBVVFPa3p0QzRheDAyRW9fXy15NVlMR3ZubmgwQ3RXYXByUHhuNXlvQ28iLCJhbGciOiJSUzI1NiIsIng1dCI6Im5PbzNaRHJPRFhFSzFqS1doWHNsSFJfS1hFZyIsImtpZCI6Im5PbzNaRHJPRFhFSzFqS1doWHNsSFJfS1hFZyJ9.eyJhdWQiOiJodHRwczovL2dyYXBoLm1pY3Jvc29mdC5jb20iLCJpc3MiOiJodHRwczovL3N0cy53aW5kb3dzLm5ldC8zZWJhZjU2Zi03MzIwLTQxZWEtOTk0NS05MDc0MmI1ZWIyNDgvIiwiaWF0IjoxNjE1NzkxNDkyLCJuYmYiOjE2MTU3OTE0OTIsImV4cCI6MTYxNTc5NTM5MiwiYWlvIjoiRTJaZ1lEai8zam1uMTIvdmdSV0pKMTlQbnJhcUZnQT0iLCJhcHBfZGlzcGxheW5hbWUiOiJNeSBNMzY1IGFwcCIsImFwcGlkIjoiMTY1OGUzNTUtNmIxYy00Zjg1LTg3YTYtMDNjZDU5OGE5YjhlIiwiYXBwaWRhY3IiOiIxIiwiaWRwIjoiaHR0cHM6Ly9zdHMud2luZG93cy5uZXQvM2ViYWY1NmYtNzMyMC00MWVhLTk5NDUtOTA3NDJiNWViMjQ4LyIsImlkdHlwIjoiYXBwIiwib2lkIjoiZmI3MjFiODUtYmY2MC00MWQ1LWE2YTMtYmY5YzQ1OWIyMzBlIiwicmgiOiIwLkFVSUFiX1c2UGlCejZrR1pSWkIwSzE2eVNGWGpXQlljYTRWUGg2WUR6Vm1LbTQ1Q0FBQS4iLCJyb2xlcyI6WyJDYWxlbmRhcnMuUmVhZCIsIlVzZXIuUmVhZC5BbGwiLCJTY2hlZHVsZS5SZWFkLkFsbCJdLCJzdWIiOiJmYjcyMWI4NS1iZjYwLTQxZDUtYTZhMy1iZjljNDU5YjIzMGUiLCJ0ZW5hbnRfcmVnaW9uX3Njb3BlIjoiT0MiLCJ0aWQiOiIzZWJhZjU2Zi03MzIwLTQxZWEtOTk0NS05MDc0MmI1ZWIyNDgiLCJ1dGkiOiJ0Tlh4emRlcUprS29RTEFOS1FsekFBIiwidmVyIjoiMS4wIiwieG1zX3RjZHQiOjE1OTYxMDkwMjB9.dUWI6ENnj8FocIeBOuJVRiGBikTi3I4C0dN09VYMLBrUzX4HJth6mIBhTlIy_KagoEzah6TzjPJ6W_Yxy-B705JsW9sBdjVAz8Op-fsL8jiQnGLhGyygp5hKlJlo9Kcu6kdE7seCokgAdS39zkjfXh4VB6O5QOutjNwbSVUsfGSw50sdfY16v43sXkZpet3M5ZG1CWNmxtzyK32DzKaRV-k17dnk68J769efD8HTfVN8Hr4GZzxram-HlAALUYSgRWb2hW0cpz4X7vvr3QZHu1OXkno897I-Wlt2JrXUL6Ptvmq1A3u-7ZDct0EZpSHk8ZJ0ejvi2TVUS4sSR3uRew
INFO main com.example.awesomeprject.GraphController - eyJ0eXAiOiJKV1QiLCJub25jZSI6Ik9PQXoyUTA3NW0tQjQ0TllBdlhVTGNHcUVFaDhvaWRsQ1pDd1l2clRsemciLCJhbGciOiJSUzI1NiIsIng1dCI6Im5PbzNaRHJPRFhFSzFqS1doWHNsSFJfS1hFZyIsImtpZCI6Im5PbzNaRHJPRFhFSzFqS1doWHNsSFJfS1hFZyJ9.eyJhdWQiOiJodHRwczovL2dyYXBoLm1pY3Jvc29mdC5jb20iLCJpc3MiOiJodHRwczovL3N0cy53aW5kb3dzLm5ldC8zZWJhZjU2Zi03MzIwLTQxZWEtOTk0NS05MDc0MmI1ZWIyNDgvIiwiaWF0IjoxNjE1NzkxNTc4LCJuYmYiOjE2MTU3OTE1NzgsImV4cCI6MTYxNTc5NTQ3OCwiYWlvIjoiRTJaZ1lLaWVrWjd0SUxHd3ArN0dyaVBtaXlyVEFRPT0iLCJhcHBfZGlzcGxheW5hbWUiOiJNeSBNMzY1IGFwcCIsImFwcGlkIjoiMTY1OGUzNTUtNmIxYy00Zjg1LTg3YTYtMDNjZDU5OGE5YjhlIiwiYXBwaWRhY3IiOiIxIiwiaWRwIjoiaHR0cHM6Ly9zdHMud2luZG93cy5uZXQvM2ViYWY1NmYtNzMyMC00MWVhLTk5NDUtOTA3NDJiNWViMjQ4LyIsImlkdHlwIjoiYXBwIiwib2lkIjoiZmI3MjFiODUtYmY2MC00MWQ1LWE2YTMtYmY5YzQ1OWIyMzBlIiwicmgiOiIwLkFVSUFiX1c2UGlCejZrR1pSWkIwSzE2eVNGWGpXQlljYTRWUGg2WUR6Vm1LbTQ1Q0FBQS4iLCJyb2xlcyI6WyJDYWxlbmRhcnMuUmVhZCIsIlVzZXIuUmVhZC5BbGwiLCJTY2hlZHVsZS5SZWFkLkFsbCJdLCJzdWIiOiJmYjcyMWI4NS1iZjYwLTQxZDUtYTZhMy1iZjljNDU5YjIzMGUiLCJ0ZW5hbnRfcmVnaW9uX3Njb3BlIjoiT0MiLCJ0aWQiOiIzZWJhZjU2Zi03MzIwLTQxZWEtOTk0NS05MDc0MmI1ZWIyNDgiLCJ1dGkiOiJRMlBHSDNQcmNreWFBOHN5WTRwZkFBIiwidmVyIjoiMS4wIiwieG1zX3RjZHQiOjE1OTYxMDkwMjB9.WdanwG6syEt1UrDN_ETgnTtAinNF1FPKQmssbFhmAVsWG0Ipws5wjwvhJQcBr34vNxfB4Yim7P6wj4-Wp80uITSYDTrkfMsTtSF3J_jnHlk7TEGOvzUDbJJuT0FUm5fE-fbazYcsQMUCitF8g0yEAnPuy7tSIm0xu7PiShpJU_gGg4xHcxXWZnUCDG9wN9Lh3RN2VprvFVGstt8cso1Zd6TYbvEaCVH3_kpYhkjxlMTS06gpm6_cfzvwvoX419lhVmqNKVP0SYn4RqG3dWY51o7YVh8KWyUGlug6cMQC1u0l57ZMHynugF9qKhfHN00iWZ_i8j22Awd0iSztw9z97g
INFO main com.example.awesomeprject.GraphController - eyJ0eXAiOiJKV1QiLCJub25jZSI6IlRtX1pBNjFQanIyRm1yal9NYVBheHNwREFoV09ZWUVDLTJjUzJORVNtREkiLCJhbGciOiJSUzI1NiIsIng1dCI6Im5PbzNaRHJPRFhFSzFqS1doWHNsSFJfS1hFZyIsImtpZCI6Im5PbzNaRHJPRFhFSzFqS1doWHNsSFJfS1hFZyJ9.eyJhdWQiOiJodHRwczovL2dyYXBoLm1pY3Jvc29mdC5jb20iLCJpc3MiOiJodHRwczovL3N0cy53aW5kb3dzLm5ldC8zZWJhZjU2Zi03MzIwLTQxZWEtOTk0NS05MDc0MmI1ZWIyNDgvIiwiaWF0IjoxNjE1NzkxNzk3LCJuYmYiOjE2MTU3OTE3OTcsImV4cCI6MTYxNTc5NTY5NywiYWlvIjoiRTJaZ1lKaXEyS3YyVk1xeE4rQm5sY3A3M2FRdUFBPT0iLCJhcHBfZGlzcGxheW5hbWUiOiJNeSBNMzY1IGFwcCIsImFwcGlkIjoiMTY1OGUzNTUtNmIxYy00Zjg1LTg3YTYtMDNjZDU5OGE5YjhlIiwiYXBwaWRhY3IiOiIxIiwiaWRwIjoiaHR0cHM6Ly9zdHMud2luZG93cy5uZXQvM2ViYWY1NmYtNzMyMC00MWVhLTk5NDUtOTA3NDJiNWViMjQ4LyIsImlkdHlwIjoiYXBwIiwib2lkIjoiZmI3MjFiODUtYmY2MC00MWQ1LWE2YTMtYmY5YzQ1OWIyMzBlIiwicmgiOiIwLkFVSUFiX1c2UGlCejZrR1pSWkIwSzE2eVNGWGpXQlljYTRWUGg2WUR6Vm1LbTQ1Q0FBQS4iLCJyb2xlcyI6WyJDYWxlbmRhcnMuUmVhZCIsIlVzZXIuUmVhZC5BbGwiLCJTY2hlZHVsZS5SZWFkLkFsbCJdLCJzdWIiOiJmYjcyMWI4NS1iZjYwLTQxZDUtYTZhMy1iZjljNDU5YjIzMGUiLCJ0ZW5hbnRfcmVnaW9uX3Njb3BlIjoiT0MiLCJ0aWQiOiIzZWJhZjU2Zi03MzIwLTQxZWEtOTk0NS05MDc0MmI1ZWIyNDgiLCJ1dGkiOiJ0UU9QRnRkNncwaThEakp0eUVoYUFBIiwidmVyIjoiMS4wIiwieG1zX3RjZHQiOjE1OTYxMDkwMjB9.aRyZP5srj1Bt3vhLrj-cQq7Nbd5O1bQhjIGbQMMF7COPDEsohz7DiYAbajknEhRyGRkVs9cNqAcCM-PsDynclxdvEtrZS9fHlt4Vfu9k26q8ib4-nxztza1aOAgy6o_itxt5cW2zQQWoC-2siWrzXMtHMB17KVzmZOZ6_YqRbCXbEKDfX-qiEc3LakUfgXlSzEOC_gjsXWMRNUvRN1B1idiKxdwEGuNlSFCki3xh8ILZU39RoFoE674zLz9-QRllttLoPNhADciN79KWD6kRKSXQxBLvucrQz1FgSA2uEQOM4oXhSFAzUO0e51fUx6IyiiDYWOYURPJtsAfv4ZqYaA
INFO main com.example.awesomeprject.GraphController - eyJ0eXAiOiJKV1QiLCJub25jZSI6IkdoQVh1NnBLYmpDYXNyX2xZLVkwUEQyR1JCZmxrb0ZOeEl2S2JORGs3RTgiLCJhbGciOiJSUzI1NiIsIng1dCI6Im5PbzNaRHJPRFhFSzFqS1doWHNsSFJfS1hFZyIsImtpZCI6Im5PbzNaRHJPRFhFSzFqS1doWHNsSFJfS1hFZyJ9.eyJhdWQiOiJodHRwczovL2dyYXBoLm1pY3Jvc29mdC5jb20iLCJpc3MiOiJodHRwczovL3N0cy53aW5kb3dzLm5ldC8zZWJhZjU2Zi03MzIwLTQxZWEtOTk0NS05MDc0MmI1ZWIyNDgvIiwiaWF0IjoxNjE1NzkxODYwLCJuYmYiOjE2MTU3OTE4NjAsImV4cCI6MTYxNTc5NTc2MCwiYWlvIjoiRTJaZ1lOaWl1bTFIMTZwbjh4WXQyeSszNDFQdVJRQT0iLCJhcHBfZGlzcGxheW5hbWUiOiJNeSBNMzY1IGFwcCIsImFwcGlkIjoiMTY1OGUzNTUtNmIxYy00Zjg1LTg3YTYtMDNjZDU5OGE5YjhlIiwiYXBwaWRhY3IiOiIxIiwiaWRwIjoiaHR0cHM6Ly9zdHMud2luZG93cy5uZXQvM2ViYWY1NmYtNzMyMC00MWVhLTk5NDUtOTA3NDJiNWViMjQ4LyIsImlkdHlwIjoiYXBwIiwib2lkIjoiZmI3MjFiODUtYmY2MC00MWQ1LWE2YTMtYmY5YzQ1OWIyMzBlIiwicmgiOiIwLkFVSUFiX1c2UGlCejZrR1pSWkIwSzE2eVNGWGpXQlljYTRWUGg2WUR6Vm1LbTQ1Q0FBQS4iLCJyb2xlcyI6WyJDYWxlbmRhcnMuUmVhZCIsIlVzZXIuUmVhZC5BbGwiLCJTY2hlZHVsZS5SZWFkLkFsbCJdLCJzdWIiOiJmYjcyMWI4NS1iZjYwLTQxZDUtYTZhMy1iZjljNDU5YjIzMGUiLCJ0ZW5hbnRfcmVnaW9uX3Njb3BlIjoiT0MiLCJ0aWQiOiIzZWJhZjU2Zi03MzIwLTQxZWEtOTk0NS05MDc0MmI1ZWIyNDgiLCJ1dGkiOiItZ3MyVFpWc1BrLTRvSDk5TFJaUEFBIiwidmVyIjoiMS4wIiwieG1zX3RjZHQiOjE1OTYxMDkwMjB9.Oa2o2paXPucfq0gyDBSHZ34AxVwkbnOxXAiIDdeJeiLwpXMnyLmRdfUoHZzcAexWG8Yg4KocGGOOXLig5DBSPDJ1nwz33bdVcCpc6Kujre1rIFwAEIvX70HEr8AURhD8u0jfbAtPVNn4PghEuEjATXHjuVMApMNXDtXotytb_sHU8vzjN89pKxHqjQ5b6HdgXkp9JzxYIfMNsBiK1bYFeG5z71g0FAUmWYKEXOR6LUCgt_bLHYQOndkoPGN5wNIX03MJ9OZPngtYneRdMUmiuLq51MsCQoyB9eMNPsO90swnSFfE9qsJtbjRNXnCNiD5oojjMgCQ8AA_CBHqGgQO9A
INFO main com.example.awesomeprject.GraphController - eyJ0eXAiOiJKV1QiLCJub25jZSI6Im1ESzhBcFpNYnBtVVZwa054Zm5sZDdCSzNIb1RXMlhrcFFvQ3FuNEVEek0iLCJhbGciOiJSUzI1NiIsIng1dCI6Im5PbzNaRHJPRFhFSzFqS1doWHNsSFJfS1hFZyIsImtpZCI6Im5PbzNaRHJPRFhFSzFqS1doWHNsSFJfS1hFZyJ9.eyJhdWQiOiJodHRwczovL2dyYXBoLm1pY3Jvc29mdC5jb20iLCJpc3MiOiJodHRwczovL3N0cy53aW5kb3dzLm5ldC8zZWJhZjU2Zi03MzIwLTQxZWEtOTk0NS05MDc0MmI1ZWIyNDgvIiwiaWF0IjoxNjE1Nzk5NjY5LCJuYmYiOjE2MTU3OTk2NjksImV4cCI6MTYxNTgwMzU2OSwiYWlvIjoiRTJaZ1lIakJ0bWIrTkplZStZa1haMjA0blBqc0hBQT0iLCJhcHBfZGlzcGxheW5hbWUiOiJNeSBNMzY1IGFwcCIsImFwcGlkIjoiMTY1OGUzNTUtNmIxYy00Zjg1LTg3YTYtMDNjZDU5OGE5YjhlIiwiYXBwaWRhY3IiOiIxIiwiaWRwIjoiaHR0cHM6Ly9zdHMud2luZG93cy5uZXQvM2ViYWY1NmYtNzMyMC00MWVhLTk5NDUtOTA3NDJiNWViMjQ4LyIsImlkdHlwIjoiYXBwIiwib2lkIjoiZmI3MjFiODUtYmY2MC00MWQ1LWE2YTMtYmY5YzQ1OWIyMzBlIiwicmgiOiIwLkFVSUFiX1c2UGlCejZrR1pSWkIwSzE2eVNGWGpXQlljYTRWUGg2WUR6Vm1LbTQ1Q0FBQS4iLCJyb2xlcyI6WyJDYWxlbmRhcnMuUmVhZCIsIlVzZXIuUmVhZC5BbGwiLCJTY2hlZHVsZS5SZWFkLkFsbCJdLCJzdWIiOiJmYjcyMWI4NS1iZjYwLTQxZDUtYTZhMy1iZjljNDU5YjIzMGUiLCJ0ZW5hbnRfcmVnaW9uX3Njb3BlIjoiT0MiLCJ0aWQiOiIzZWJhZjU2Zi03MzIwLTQxZWEtOTk0NS05MDc0MmI1ZWIyNDgiLCJ1dGkiOiJ3Rkh2WVQ4Zk9rU1lndUhjdURGcUFBIiwidmVyIjoiMS4wIiwieG1zX3RjZHQiOjE1OTYxMDkwMjB9.R-nY7NdVO8YmiPn7Gw3Bb1WKINeiaajHMX7vlXZkgUON3OSbULN8kJd5mXtuf5jwaizLFTYMtmpnKmV4sa2oqHOBBbdQFCU7osduBCWrxkABubTtfXVcZYSNNYf5CiLWPkh19E_yk180ZG0Z7bUhGd8mL0XSEvRKWBQOged5sHKIjdHmWiqM7GCeMj7EXescL-mTC-I3BrBf6-IeJFpE2tGEqsT0sTSvSNlDxs7WydxbgnCGk-WYpbvacYT9o8axUnl-lzMHOcMAPQzBrozh-cooTbYIJRsPy7j_lLwQ1ryojW1-Boqx5uBll3YOjA15ocwbqYgIMcZg_Zr6HnSUGQ
INFO main com.example.awesomeprject.GraphController - eyJ0eXAiOiJKV1QiLCJub25jZSI6Ijh2S2JYZkVNUzk1bUtuVGpxR2FsZVp5dTI0NkI0UEQ2MENRcEg4OWxwVEEiLCJhbGciOiJSUzI1NiIsIng1dCI6Im5PbzNaRHJPRFhFSzFqS1doWHNsSFJfS1hFZyIsImtpZCI6Im5PbzNaRHJPRFhFSzFqS1doWHNsSFJfS1hFZyJ9.eyJhdWQiOiJodHRwczovL2dyYXBoLm1pY3Jvc29mdC5jb20iLCJpc3MiOiJodHRwczovL3N0cy53aW5kb3dzLm5ldC8zZWJhZjU2Zi03MzIwLTQxZWEtOTk0NS05MDc0MmI1ZWIyNDgvIiwiaWF0IjoxNjE1ODAwNTc1LCJuYmYiOjE2MTU4MDA1NzUsImV4cCI6MTYxNTgwNDQ3NSwiYWlvIjoiRTJaZ1lGZ2l0cDNIYk9QelkwbnZJdTltTUFidkJ3QT0iLCJhcHBfZGlzcGxheW5hbWUiOiJNeSBNMzY1IGFwcCIsImFwcGlkIjoiMTY1OGUzNTUtNmIxYy00Zjg1LTg3YTYtMDNjZDU5OGE5YjhlIiwiYXBwaWRhY3IiOiIxIiwiaWRwIjoiaHR0cHM6Ly9zdHMud2luZG93cy5uZXQvM2ViYWY1NmYtNzMyMC00MWVhLTk5NDUtOTA3NDJiNWViMjQ4LyIsImlkdHlwIjoiYXBwIiwib2lkIjoiZmI3MjFiODUtYmY2MC00MWQ1LWE2YTMtYmY5YzQ1OWIyMzBlIiwicmgiOiIwLkFVSUFiX1c2UGlCejZrR1pSWkIwSzE2eVNGWGpXQlljYTRWUGg2WUR6Vm1LbTQ1Q0FBQS4iLCJyb2xlcyI6WyJDYWxlbmRhcnMuUmVhZCIsIlVzZXIuUmVhZC5BbGwiLCJTY2hlZHVsZS5SZWFkLkFsbCJdLCJzdWIiOiJmYjcyMWI4NS1iZjYwLTQxZDUtYTZhMy1iZjljNDU5YjIzMGUiLCJ0ZW5hbnRfcmVnaW9uX3Njb3BlIjoiT0MiLCJ0aWQiOiIzZWJhZjU2Zi03MzIwLTQxZWEtOTk0NS05MDc0MmI1ZWIyNDgiLCJ1dGkiOiI5WXV2ampXMXpVbVRuNHVPRmxBX0FBIiwidmVyIjoiMS4wIiwieG1zX3RjZHQiOjE1OTYxMDkwMjB9.cGo8gH8iZS2CrkKTCJWU2rCvB8cmx90JwD61RffWihAbxJtbEo0ZnxqpRjj8XVsTSyuGaevxAxl8xTFwJC2lTuVK3FhZRUlyKNZMO-tmQc2jutc97FG8zWMLuo72O7Jli1JM3sxTHD_JcA01hNoUoTlwtrWFM53NDd2sTPGrVnQMqTHSesQtab8hZpAEnaVOAnf1SVml1D9EyEw8cGFEpZqG6btlIacm22_w8DP3gtbg5br6kvRlzPnDrfvzeF3ATaRGeCTou1MMaDDlxedDN8cHF1gFCd1AW9vBJTyzQDmInSe5a2KmIC_UH-XxvFR8j3cUoDbbKbfx3t9doMqdpQ
INFO main com.example.awesomeprject.GraphController - eyJ0eXAiOiJKV1QiLCJub25jZSI6Ijh3aFc2QUtiVnZtOVd5OUNzT19ENnF1bldsQVllcUJ0NHhuRjZjMzRUZDQiLCJhbGciOiJSUzI1NiIsIng1dCI6Im5PbzNaRHJPRFhFSzFqS1doWHNsSFJfS1hFZyIsImtpZCI6Im5PbzNaRHJPRFhFSzFqS1doWHNsSFJfS1hFZyJ9.eyJhdWQiOiJodHRwczovL2dyYXBoLm1pY3Jvc29mdC5jb20iLCJpc3MiOiJodHRwczovL3N0cy53aW5kb3dzLm5ldC8zZWJhZjU2Zi03MzIwLTQxZWEtOTk0NS05MDc0MmI1ZWIyNDgvIiwiaWF0IjoxNjE1ODAwODcwLCJuYmYiOjE2MTU4MDA4NzAsImV4cCI6MTYxNTgwNDc3MCwiYWlvIjoiRTJaZ1lNaTZzdVlnMzY1TzRZa0xuZFk0ZkNrMEJBQT0iLCJhcHBfZGlzcGxheW5hbWUiOiJNeSBNMzY1IGFwcCIsImFwcGlkIjoiMTY1OGUzNTUtNmIxYy00Zjg1LTg3YTYtMDNjZDU5OGE5YjhlIiwiYXBwaWRhY3IiOiIxIiwiaWRwIjoiaHR0cHM6Ly9zdHMud2luZG93cy5uZXQvM2ViYWY1NmYtNzMyMC00MWVhLTk5NDUtOTA3NDJiNWViMjQ4LyIsImlkdHlwIjoiYXBwIiwib2lkIjoiZmI3MjFiODUtYmY2MC00MWQ1LWE2YTMtYmY5YzQ1OWIyMzBlIiwicmgiOiIwLkFVSUFiX1c2UGlCejZrR1pSWkIwSzE2eVNGWGpXQlljYTRWUGg2WUR6Vm1LbTQ1Q0FBQS4iLCJyb2xlcyI6WyJDYWxlbmRhcnMuUmVhZCIsIlVzZXIuUmVhZC5BbGwiLCJTY2hlZHVsZS5SZWFkLkFsbCJdLCJzdWIiOiJmYjcyMWI4NS1iZjYwLTQxZDUtYTZhMy1iZjljNDU5YjIzMGUiLCJ0ZW5hbnRfcmVnaW9uX3Njb3BlIjoiT0MiLCJ0aWQiOiIzZWJhZjU2Zi03MzIwLTQxZWEtOTk0NS05MDc0MmI1ZWIyNDgiLCJ1dGkiOiI5S3A1bjhZQkdrR0h2VjRiTnhaMEFBIiwidmVyIjoiMS4wIiwieG1zX3RjZHQiOjE1OTYxMDkwMjB9.SHpwzRS9l46GxCo7W_czDiJuFY0_xFOwXumb_uLDNdEo7g_KRd2SVnbKmgY4VrNHjVQXpws1BwKdxKSM0s4uGKjWG-esp6yuQpJusghPkfVox-JJfqY8xSZD3_-pAJx67rNqcM6m2IN2KeRKEQcBEGWHPcU28psNk65vDdQ2MYP1oeTEn37xM9i4iSw0-iFseFFBKIOv6G-SjJnQ1voe6oA431fb90-5KVZzD-AFYXSle8Oa5IboqJB1hTe6ZvKevN1_o1mZ-izqjUghNQ5El4Iv4Q0zOJdAEwRIfB9rk-dejTOYeEZ_kqeuVo5d06aRaooBpzuob_MWhjazjTignQ
INFO main com.example.awesomeprject.GraphController - eyJ0eXAiOiJKV1QiLCJub25jZSI6InUyVU5FY2ozYVg1RHVrR2FNZGJUeU5kT2ZNZmYzcWpOWVVXaU0tMk03OW8iLCJhbGciOiJSUzI1NiIsIng1dCI6Im5PbzNaRHJPRFhFSzFqS1doWHNsSFJfS1hFZyIsImtpZCI6Im5PbzNaRHJPRFhFSzFqS1doWHNsSFJfS1hFZyJ9.eyJhdWQiOiJodHRwczovL2dyYXBoLm1pY3Jvc29mdC5jb20iLCJpc3MiOiJodHRwczovL3N0cy53aW5kb3dzLm5ldC8zZWJhZjU2Zi03MzIwLTQxZWEtOTk0NS05MDc0MmI1ZWIyNDgvIiwiaWF0IjoxNjE1ODAxMDg4LCJuYmYiOjE2MTU4MDEwODgsImV4cCI6MTYxNTgwNDk4OCwiYWlvIjoiRTJaZ1lPZ0pESHgwd3FKbStaNDFnWGExVWYvckFBPT0iLCJhcHBfZGlzcGxheW5hbWUiOiJNeSBNMzY1IGFwcCIsImFwcGlkIjoiMTY1OGUzNTUtNmIxYy00Zjg1LTg3YTYtMDNjZDU5OGE5YjhlIiwiYXBwaWRhY3IiOiIxIiwiaWRwIjoiaHR0cHM6Ly9zdHMud2luZG93cy5uZXQvM2ViYWY1NmYtNzMyMC00MWVhLTk5NDUtOTA3NDJiNWViMjQ4LyIsImlkdHlwIjoiYXBwIiwib2lkIjoiZmI3MjFiODUtYmY2MC00MWQ1LWE2YTMtYmY5YzQ1OWIyMzBlIiwicmgiOiIwLkFVSUFiX1c2UGlCejZrR1pSWkIwSzE2eVNGWGpXQlljYTRWUGg2WUR6Vm1LbTQ1Q0FBQS4iLCJyb2xlcyI6WyJDYWxlbmRhcnMuUmVhZCIsIlVzZXIuUmVhZC5BbGwiLCJTY2hlZHVsZS5SZWFkLkFsbCJdLCJzdWIiOiJmYjcyMWI4NS1iZjYwLTQxZDUtYTZhMy1iZjljNDU5YjIzMGUiLCJ0ZW5hbnRfcmVnaW9uX3Njb3BlIjoiT0MiLCJ0aWQiOiIzZWJhZjU2Zi03MzIwLTQxZWEtOTk0NS05MDc0MmI1ZWIyNDgiLCJ1dGkiOiJlN01zVDNtNEJrYUtDbnhFWFpORUFBIiwidmVyIjoiMS4wIiwieG1zX3RjZHQiOjE1OTYxMDkwMjB9.Nr6G2rs8WDD5o-71AkZq-Rtvj9de0cLCo-kGD0XvFKqvTs8llmgc3gRSgCtifaeh5q_7oc4JC7aAwWd_Vegm5COYTwq7oUoJHxA12Ii9ekEBxDwG2HO_0bE-0wUf28WwUU9aR32eTq7wqa8b2m0oGmpaDUT4K2hCHjXUHYsy2mq-ZeRjZy4BQSIJxIx3f7KMZzlAzK5Qft809VqHGxU-jC2AJICpK3vrxGubqG5ZSsU83HLgWrDQ5tc9d0ow2puPE1beZs4ICEAVTR32WOoWdX3fmzHPL7e_E17yuFVPo0u5rhSW53BxbfMW9C0sYekm6X8vg5g5zbpccAUvLjnG6A
INFO main com.example.awesomeprject.GraphController - eyJ0eXAiOiJKV1QiLCJub25jZSI6IlNSYXJ0b01UTHRaZjhUM2l0ck5RT19iVXVmMmZhRDYtRjF2SVpXZlRpLWsiLCJhbGciOiJSUzI1NiIsIng1dCI6Im5PbzNaRHJPRFhFSzFqS1doWHNsSFJfS1hFZyIsImtpZCI6Im5PbzNaRHJPRFhFSzFqS1doWHNsSFJfS1hFZyJ9.eyJhdWQiOiJodHRwczovL2dyYXBoLm1pY3Jvc29mdC5jb20iLCJpc3MiOiJodHRwczovL3N0cy53aW5kb3dzLm5ldC8zZWJhZjU2Zi03MzIwLTQxZWEtOTk0NS05MDc0MmI1ZWIyNDgvIiwiaWF0IjoxNjE1ODAxMTQxLCJuYmYiOjE2MTU4MDExNDEsImV4cCI6MTYxNTgwNTA0MSwiYWlvIjoiRTJaZ1lPak1qc3F2RUdxOCtOMlJKK09Lc1Z3U0FBPT0iLCJhcHBfZGlzcGxheW5hbWUiOiJNeSBNMzY1IGFwcCIsImFwcGlkIjoiMTY1OGUzNTUtNmIxYy00Zjg1LTg3YTYtMDNjZDU5OGE5YjhlIiwiYXBwaWRhY3IiOiIxIiwiaWRwIjoiaHR0cHM6Ly9zdHMud2luZG93cy5uZXQvM2ViYWY1NmYtNzMyMC00MWVhLTk5NDUtOTA3NDJiNWViMjQ4LyIsImlkdHlwIjoiYXBwIiwib2lkIjoiZmI3MjFiODUtYmY2MC00MWQ1LWE2YTMtYmY5YzQ1OWIyMzBlIiwicmgiOiIwLkFVSUFiX1c2UGlCejZrR1pSWkIwSzE2eVNGWGpXQlljYTRWUGg2WUR6Vm1LbTQ1Q0FBQS4iLCJyb2xlcyI6WyJDYWxlbmRhcnMuUmVhZCIsIlVzZXIuUmVhZC5BbGwiLCJTY2hlZHVsZS5SZWFkLkFsbCJdLCJzdWIiOiJmYjcyMWI4NS1iZjYwLTQxZDUtYTZhMy1iZjljNDU5YjIzMGUiLCJ0ZW5hbnRfcmVnaW9uX3Njb3BlIjoiT0MiLCJ0aWQiOiIzZWJhZjU2Zi03MzIwLTQxZWEtOTk0NS05MDc0MmI1ZWIyNDgiLCJ1dGkiOiJDTzhQRE5OWlBVYUlfSjlDUnpwM0FBIiwidmVyIjoiMS4wIiwieG1zX3RjZHQiOjE1OTYxMDkwMjB9.AHsfNIIEGM9obhBocpOKGrfyI0WEZgFhz0EbyaTKHV0nuiwC2IyxBe-Y8zALddDuYJHHFMibWw95tc7PRQvet9133l0EeHYeGTywVAtMl2rYrr9LeRRvD2HYsHPgd1XeLjn4_ZLb6gSIrIiqmDhK0vJK18eMXpTozOgyixxZReVh2_g04tIMWBkThqL8EvxWeor0Rph2OcRNJgwSarfi1kCVur1GYDaLNcMAV38Ke7KH8ke-1yxT8x002Qi2QvH8qTYa9WyLFaVfODQL2PGWIWRSHXoOern15XdQ7kSwyJ-YLdNmo442_Ap6AJVFttdunG97mTtmwonvkDRITkRr_g
INFO http-nio-8090-exec-1 com.example.awesomeprject.GraphController - com.microsoft.graph.requests.extensions.CalendarGetScheduleCollectionPage@1f183dc7
INFO http-nio-8090-exec-2 com.example.awesomeprject.GraphController - com.microsoft.graph.requests.extensions.CalendarGetScheduleCollectionPage@7f19edc5
INFO main com.example.awesomeprject.GraphController - eyJ0eXAiOiJKV1QiLCJub25jZSI6Ii1MakR1X0kweWg2aUsxZDJjQUhPbE5QOHNwYV9zUlp4ajhpdm1UbE9pVFkiLCJhbGciOiJSUzI1NiIsIng1dCI6Im5PbzNaRHJPRFhFSzFqS1doWHNsSFJfS1hFZyIsImtpZCI6Im5PbzNaRHJPRFhFSzFqS1doWHNsSFJfS1hFZyJ9.eyJhdWQiOiJodHRwczovL2dyYXBoLm1pY3Jvc29mdC5jb20iLCJpc3MiOiJodHRwczovL3N0cy53aW5kb3dzLm5ldC8zZWJhZjU2Zi03MzIwLTQxZWEtOTk0NS05MDc0MmI1ZWIyNDgvIiwiaWF0IjoxNjE1ODAxMzg0LCJuYmYiOjE2MTU4MDEzODQsImV4cCI6MTYxNTgwNTI4NCwiYWlvIjoiRTJaZ1lNaTZzdVlnMzY1TzRZa0xuZFk0ZkNrMEJBQT0iLCJhcHBfZGlzcGxheW5hbWUiOiJNeSBNMzY1IGFwcCIsImFwcGlkIjoiMTY1OGUzNTUtNmIxYy00Zjg1LTg3YTYtMDNjZDU5OGE5YjhlIiwiYXBwaWRhY3IiOiIxIiwiaWRwIjoiaHR0cHM6Ly9zdHMud2luZG93cy5uZXQvM2ViYWY1NmYtNzMyMC00MWVhLTk5NDUtOTA3NDJiNWViMjQ4LyIsImlkdHlwIjoiYXBwIiwib2lkIjoiZmI3MjFiODUtYmY2MC00MWQ1LWE2YTMtYmY5YzQ1OWIyMzBlIiwicmgiOiIwLkFVSUFiX1c2UGlCejZrR1pSWkIwSzE2eVNGWGpXQlljYTRWUGg2WUR6Vm1LbTQ1Q0FBQS4iLCJyb2xlcyI6WyJDYWxlbmRhcnMuUmVhZCIsIlVzZXIuUmVhZC5BbGwiLCJTY2hlZHVsZS5SZWFkLkFsbCJdLCJzdWIiOiJmYjcyMWI4NS1iZjYwLTQxZDUtYTZhMy1iZjljNDU5YjIzMGUiLCJ0ZW5hbnRfcmVnaW9uX3Njb3BlIjoiT0MiLCJ0aWQiOiIzZWJhZjU2Zi03MzIwLTQxZWEtOTk0NS05MDc0MmI1ZWIyNDgiLCJ1dGkiOiJEam9XdkNOLVhraXl0aTBlVHpKUEFBIiwidmVyIjoiMS4wIiwieG1zX3RjZHQiOjE1OTYxMDkwMjB9.DkfHl0hA_p1euJ5GN1QwC9peaWmchXnHeE7wSXDuTbxkZ-S0JnYV1hiEDbb90rr3ukqvp0WUUriAj6stOV8p2Ql-0px6iIT3fNKezQtbvSLR6iotUoCh_hmGFhq_pO_3H30_J2eN4g83LqGlrNpc9I15b-OeB-jJm0Yr3tJuSszr1AYx_xpOob6mPokWnrGCxDunGjWgn1Gt27igxLaRRwdNKCbj6wNDqBbzxN45gEwIYSglMgxhx6onEK7tokuwLKSNdcgO8xI92twJzbwIsWFkUA6D11xi6gZ60HRGdBB4lSWa8HgO3iuJD-OPfEejeXUs3PWAY95NkI2y4QOdtw
INFO http-nio-8090-exec-1 com.example.awesomeprject.GraphController - [com.microsoft.graph.models.extensions.ScheduleInformation@1f183dc7, com.microsoft.graph.models.extensions.ScheduleInformation@64688ca8]
INFO main com.example.awesomeprject.GraphController - eyJ0eXAiOiJKV1QiLCJub25jZSI6IjI5OTBOUzVRSXpVVEFwX3RPYUtKZzhfQmhxMnhxVUNnRzNzR2c1dTQ0WVkiLCJhbGciOiJSUzI1NiIsIng1dCI6Im5PbzNaRHJPRFhFSzFqS1doWHNsSFJfS1hFZyIsImtpZCI6Im5PbzNaRHJPRFhFSzFqS1doWHNsSFJfS1hFZyJ9.eyJhdWQiOiJodHRwczovL2dyYXBoLm1pY3Jvc29mdC5jb20iLCJpc3MiOiJodHRwczovL3N0cy53aW5kb3dzLm5ldC8zZWJhZjU2Zi03MzIwLTQxZWEtOTk0NS05MDc0MmI1ZWIyNDgvIiwiaWF0IjoxNjE1ODAxNTE0LCJuYmYiOjE2MTU4MDE1MTQsImV4cCI6MTYxNTgwNTQxNCwiYWlvIjoiRTJaZ1lMQXRtdVB2NjcxMG5kTkVpK3BuZjBLdkFBQT0iLCJhcHBfZGlzcGxheW5hbWUiOiJNeSBNMzY1IGFwcCIsImFwcGlkIjoiMTY1OGUzNTUtNmIxYy00Zjg1LTg3YTYtMDNjZDU5OGE5YjhlIiwiYXBwaWRhY3IiOiIxIiwiaWRwIjoiaHR0cHM6Ly9zdHMud2luZG93cy5uZXQvM2ViYWY1NmYtNzMyMC00MWVhLTk5NDUtOTA3NDJiNWViMjQ4LyIsImlkdHlwIjoiYXBwIiwib2lkIjoiZmI3MjFiODUtYmY2MC00MWQ1LWE2YTMtYmY5YzQ1OWIyMzBlIiwicmgiOiIwLkFVSUFiX1c2UGlCejZrR1pSWkIwSzE2eVNGWGpXQlljYTRWUGg2WUR6Vm1LbTQ1Q0FBQS4iLCJyb2xlcyI6WyJDYWxlbmRhcnMuUmVhZCIsIlVzZXIuUmVhZC5BbGwiLCJTY2hlZHVsZS5SZWFkLkFsbCJdLCJzdWIiOiJmYjcyMWI4NS1iZjYwLTQxZDUtYTZhMy1iZjljNDU5YjIzMGUiLCJ0ZW5hbnRfcmVnaW9uX3Njb3BlIjoiT0MiLCJ0aWQiOiIzZWJhZjU2Zi03MzIwLTQxZWEtOTk0NS05MDc0MmI1ZWIyNDgiLCJ1dGkiOiJQcUJ4cDJ6bDhFQ0NJdDVUbUZCV0FBIiwidmVyIjoiMS4wIiwieG1zX3RjZHQiOjE1OTYxMDkwMjB9.MVq08_e1EVgH24LaD9qvFdsw2TeEwP_ZlKLiTUpYU8e41NL2tbiOGoStOjFpU7pAFRdif4_4hLn_lrCqbhcNY0_lsjgnd_vTVp7oSw3xsORGr8kTt3dl49LVBoBv9kxgEeFaVRsWcsHQlLEndDhY5LfoW4qk0f12xSyT9yGS-Yb1XEQuBryKqZCln5VV9tXjIqpwVMeQ90wLXhfg4LD4jEtWbEcqeKmiprmp84zGMIp-WwSM0C5wK5W81O0ib4oVEhosICOl36ygTC3ZCLwL1StCxnPq4TQOzAlSGU2cBDIAQiry0pKIJAmcOy-534hXX6QQAPu7DL6eKCzWJNV_1Q
INFO http-nio-8090-exec-1 com.example.awesomeprject.GraphController - [com.microsoft.graph.models.extensions.ScheduleInformation@29974fcf, com.microsoft.graph.models.extensions.ScheduleInformation@4e924a25]
